Using pre-set license
Built from '2020.2/release' branch; Version is '2020.2.2f1 (068178b99f32) revision 426360'; Using compiler version '192528614'; Build Type 'Release'
OS: 'Windows 10 Home; OS build 19042.867; Version 2009; 64bit' Language: 'de' Physical Memory: 16222 MB
BatchMode: 1, IsHumanControllingUs: 0, StartBugReporterOnCrash: 0, Is64bit: 1, IsPro: 0

 COMMAND LINE ARGUMENTS:
C:\Program Files\Unity\Hub\Editor\2020.2.2f1\Editor\Unity.exe
-adb2
-batchMode
-noUpm
-name
AssetImportWorker0
-projectPath
C:/Users/janca/Documents/HKU/Jaar 4/Afstudeer/MiniNatura
-logFile
Logs/AssetImportWorker0.log
-srvPort
57157
Successfully changed project path to: C:/Users/janca/Documents/HKU/Jaar 4/Afstudeer/MiniNatura
C:/Users/janca/Documents/HKU/Jaar 4/Afstudeer/MiniNatura
Using Asset Import Pipeline V2.
Refreshing native plugins compatible for Editor in 103.50 ms, found 0 plugins.
Preloading 0 native plugins for Editor in 0.00 ms.
Initialize engine version: 2020.2.2f1 (068178b99f32)
[Subsystems] Discovering subsystems at path C:/Program Files/Unity/Hub/Editor/2020.2.2f1/Editor/Data/Resources/UnitySubsystems
[Subsystems] Discovering subsystems at path C:/Users/janca/Documents/HKU/Jaar 4/Afstudeer/MiniNatura/Assets
GfxDevice: creating device client; threaded=0
Direct3D:
    Version:  Direct3D 11.0 [level 11.1]
    Renderer: NVIDIA GeForce GTX 1660 Ti (ID=0x2191)
    Vendor:   
    VRAM:     5991 MB
    Driver:   27.21.14.6089
Initialize mono
Mono path[0] = 'C:/Program Files/Unity/Hub/Editor/2020.2.2f1/Editor/Data/Managed'
Mono path[1] = 'C:/Program Files/Unity/Hub/Editor/2020.2.2f1/Editor/Data/MonoBleedingEdge/lib/mono/unityjit'
Mono config path = 'C:/Program Files/Unity/Hub/Editor/2020.2.2f1/Editor/Data/MonoBleedingEdge/etc'
Using monoOptions --debugger-agent=transport=dt_socket,embedding=1,server=y,suspend=n,address=127.0.0.1:56732
Begin MonoManager ReloadAssembly
Registering precompiled unity dll's ...
Register platform support module: C:/Program Files/Unity/Hub/Editor/2020.2.2f1/Editor/Data/PlaybackEngines/WindowsStandaloneSupport/UnityEditor.WindowsStandalone.Extensions.dll
Registered in 0.001805 seconds.
Native extension for WindowsStandalone target not found
Refreshing native plugins compatible for Editor in 86.81 ms, found 0 plugins.
Preloading 0 native plugins for Editor in 0.00 ms.
Invoked RoslynAnalysisRunner static constructor.
RoslynAnalysisRunner will not be running.
RoslynAnalysisRunner has terminated.
Mono: successfully reloaded assembly
- Completed reload, in  1.047 seconds
Platform modules already initialized, skipping
Registering precompiled user dll's ...
Registered in 0.002095 seconds.
Begin MonoManager ReloadAssembly
Native extension for WindowsStandalone target not found
Refreshing native plugins compatible for Editor in 130.72 ms, found 0 plugins.
Preloading 0 native plugins for Editor in 0.00 ms.
Invoked RoslynAnalysisRunner static constructor.
RoslynAnalysisRunner will not be running.
RoslynAnalysisRunner has terminated.
Mono: successfully reloaded assembly
- Completed reload, in  1.724 seconds
Platform modules already initialized, skipping
========================================================================
Worker process is ready to serve import requests
Shader 'SimpleURPToonLitExample(With Outline)': fallback shader 'Hidden/Universal Render Pipeline/FallbackError' not found
Shader 'SimpleURPToonLitExample(With Outline)': fallback shader 'Hidden/Universal Render Pipeline/FallbackError' not found
Launched and connected shader compiler UnityShaderCompiler.exe after 0.05 seconds
Refreshing native plugins compatible for Editor in 1.63 ms, found 0 plugins.
Preloading 0 native plugins for Editor in 0.00 ms.
Unloading 3965 Unused Serialized files (Serialized files now loaded: 0)
System memory in use before: 233.3 MB.
System memory in use after: 233.4 MB.

Unloading 114 unused Assets to reduce memory usage. Loaded Objects now: 4414.
Total: 6.344400 ms (FindLiveObjects: 1.162900 ms CreateObjectMapping: 0.659500 ms MarkObjects: 4.120000 ms  DeleteObjects: 0.398900 ms)

========================================================================
Received Import Request.
  path: Assets/3D Assets/Base.fbx
  artifactKey: Guid(063f765ccdf8b514ca9bd9167561cd6b) Importer(815301076,1909f56bfc062723c751e8b465ee728b)
Start importing Assets/3D Assets/Base.fbx using Guid(063f765ccdf8b514ca9bd9167561cd6b) Importer(815301076,1909f56bfc062723c751e8b465ee728b)  -> (artifact id: '4cff7c0a2409f34e4bdcc590397732c1') in 1.354806 seconds
  Import took 1.369896 seconds .

========================================================================
Received Import Request.
  Time since last request: 0.007257 seconds.
  path: Assets/3D Assets/Base.fbx
  artifactKey: Guid(063f765ccdf8b514ca9bd9167561cd6b) Importer(815301076,1909f56bfc062723c751e8b465ee728b)
Start importing Assets/3D Assets/Base.fbx using Guid(063f765ccdf8b514ca9bd9167561cd6b) Importer(815301076,1909f56bfc062723c751e8b465ee728b)  -> (artifact id: '4cff7c0a2409f34e4bdcc590397732c1') in 0.154175 seconds
  Import took 0.168057 seconds .

========================================================================
Received Import Request.
  Time since last request: 71.413517 seconds.
  path: Assets/3D Assets/Base.fbx
  artifactKey: Guid(063f765ccdf8b514ca9bd9167561cd6b) Importer(815301076,1909f56bfc062723c751e8b465ee728b)
Start importing Assets/3D Assets/Base.fbx using Guid(063f765ccdf8b514ca9bd9167561cd6b) Importer(815301076,1909f56bfc062723c751e8b465ee728b)  -> (artifact id: 'e4061e22efedaa0ba780ba52c4ede4a4') in 0.655547 seconds
  Import took 0.671573 seconds .

========================================================================
Received Import Request.
  Time since last request: 33.259073 seconds.
  path: Assets/3D Assets/Base.fbx
  artifactKey: Guid(063f765ccdf8b514ca9bd9167561cd6b) Importer(815301076,1909f56bfc062723c751e8b465ee728b)
Start importing Assets/3D Assets/Base.fbx using Guid(063f765ccdf8b514ca9bd9167561cd6b) Importer(815301076,1909f56bfc062723c751e8b465ee728b)  -> (artifact id: 'ff3b8fde382ecd1442a45bc47dd4e227') in 0.355542 seconds
  Import took 0.368439 seconds .

========================================================================
Received Import Request.
  Time since last request: 32.661079 seconds.
  path: Assets/3D Assets/Base.fbx
  artifactKey: Guid(063f765ccdf8b514ca9bd9167561cd6b) Importer(815301076,1909f56bfc062723c751e8b465ee728b)
Start importing Assets/3D Assets/Base.fbx using Guid(063f765ccdf8b514ca9bd9167561cd6b) Importer(815301076,1909f56bfc062723c751e8b465ee728b)  -> (artifact id: '753297787d687cdbe616bee0607df538') in 0.663937 seconds
  Import took 0.677863 seconds .

========================================================================
Received Prepare
Registering precompiled user dll's ...
Registered in 0.003180 seconds.
Begin MonoManager ReloadAssembly
Native extension for WindowsStandalone target not found
Refreshing native plugins compatible for Editor in 0.88 ms, found 0 plugins.
Preloading 0 native plugins for Editor in 0.00 ms.
Invoked RoslynAnalysisRunner static constructor.
RoslynAnalysisRunner will not be running.
RoslynAnalysisRunner has terminated.
Mono: successfully reloaded assembly
- Completed reload, in  1.463 seconds
Platform modules already initialized, skipping
Shader 'SimpleURPToonLitExample(With Outline)': fallback shader 'Hidden/Universal Render Pipeline/FallbackError' not found
Shader 'SimpleURPToonLitExample(With Outline)': fallback shader 'Hidden/Universal Render Pipeline/FallbackError' not found
Refreshing native plugins compatible for Editor in 0.98 ms, found 0 plugins.
Preloading 0 native plugins for Editor in 0.00 ms.
Unloading 3627 Unused Serialized files (Serialized files now loaded: 0)
System memory in use before: 225.6 MB.
System memory in use after: 225.7 MB.

Unloading 109 unused Assets to reduce memory usage. Loaded Objects now: 4586.
Total: 5.673500 ms (FindLiveObjects: 0.688700 ms CreateObjectMapping: 0.581400 ms MarkObjects: 4.008300 ms  DeleteObjects: 0.392600 ms)

========================================================================
Received Prepare
Registering precompiled user dll's ...
Registered in 0.002474 seconds.
Begin MonoManager ReloadAssembly
Native extension for WindowsStandalone target not found
Refreshing native plugins compatible for Editor in 0.64 ms, found 0 plugins.
Preloading 0 native plugins for Editor in 0.00 ms.
Invoked RoslynAnalysisRunner static constructor.
RoslynAnalysisRunner will not be running.
RoslynAnalysisRunner has terminated.
Mono: successfully reloaded assembly
- Completed reload, in  1.425 seconds
Platform modules already initialized, skipping
Shader 'SimpleURPToonLitExample(With Outline)': fallback shader 'Hidden/Universal Render Pipeline/FallbackError' not found
Shader 'SimpleURPToonLitExample(With Outline)': fallback shader 'Hidden/Universal Render Pipeline/FallbackError' not found
Refreshing native plugins compatible for Editor in 1.12 ms, found 0 plugins.
Preloading 0 native plugins for Editor in 0.00 ms.
Unloading 3615 Unused Serialized files (Serialized files now loaded: 0)
System memory in use before: 225.2 MB.
System memory in use after: 225.3 MB.

Unloading 109 unused Assets to reduce memory usage. Loaded Objects now: 4588.
Total: 3.527500 ms (FindLiveObjects: 0.364800 ms CreateObjectMapping: 0.240900 ms MarkObjects: 2.668500 ms  DeleteObjects: 0.252300 ms)

========================================================================
Received Import Request.
  Time since last request: 12477.394927 seconds.
  path: Assets/3D Assets/Base.fbx
  artifactKey: Guid(063f765ccdf8b514ca9bd9167561cd6b) Importer(815301076,1909f56bfc062723c751e8b465ee728b)
Start importing Assets/3D Assets/Base.fbx using Guid(063f765ccdf8b514ca9bd9167561cd6b) Importer(815301076,1909f56bfc062723c751e8b465ee728b)  -> (artifact id: 'a8610df5b5ba81ea992708543b523ad2') in 2.362796 seconds
  Import took 2.524681 seconds .

========================================================================
Received Import Request.
  Time since last request: 7.584001 seconds.
  path: Assets/2D Assets/Triforce.mat
  artifactKey: Guid(95cf7ad30caa744448e8f65f3b20abbe) Importer(815301076,1909f56bfc062723c751e8b465ee728b)
Start importing Assets/2D Assets/Triforce.mat using Guid(95cf7ad30caa744448e8f65f3b20abbe) Importer(815301076,1909f56bfc062723c751e8b465ee728b)  -> (artifact id: 'b86ae05786efe762d37bfd8612909717') in 0.483720 seconds
  Import took 0.493993 seconds .

========================================================================
Received Prepare
Registering precompiled user dll's ...
Registered in 0.003238 seconds.
Begin MonoManager ReloadAssembly
Native extension for WindowsStandalone target not found
Refreshing native plugins compatible for Editor in 0.92 ms, found 0 plugins.
Preloading 0 native plugins for Editor in 0.00 ms.
Invoked RoslynAnalysisRunner static constructor.
RoslynAnalysisRunner will not be running.
RoslynAnalysisRunner has terminated.
Mono: successfully reloaded assembly
- Completed reload, in  1.587 seconds
Platform modules already initialized, skipping
Shader 'SimpleURPToonLitExample(With Outline)': fallback shader 'Hidden/Universal Render Pipeline/FallbackError' not found
Shader 'SimpleURPToonLitExample(With Outline)': fallback shader 'Hidden/Universal Render Pipeline/FallbackError' not found
Refreshing native plugins compatible for Editor in 0.72 ms, found 0 plugins.
Preloading 0 native plugins for Editor in 0.00 ms.
Unloading 3615 Unused Serialized files (Serialized files now loaded: 0)
System memory in use before: 225.6 MB.
System memory in use after: 225.8 MB.

Unloading 109 unused Assets to reduce memory usage. Loaded Objects now: 4692.
Total: 6.012100 ms (FindLiveObjects: 0.831900 ms CreateObjectMapping: 0.578900 ms MarkObjects: 4.325000 ms  DeleteObjects: 0.274500 ms)

========================================================================
Received Import Request.
  Time since last request: 887.882679 seconds.
  path: Assets/Scenes/Level Woods.unity
  artifactKey: Guid(b2cb7f19bc1d28f4fb04543288ecd67e) Importer(815301076,1909f56bfc062723c751e8b465ee728b)
Start importing Assets/Scenes/Level Woods.unity using Guid(b2cb7f19bc1d28f4fb04543288ecd67e) Importer(815301076,1909f56bfc062723c751e8b465ee728b)  -> (artifact id: '26d9b3f2d80ee996572f714c438d288f') in 0.021496 seconds
  Import took 0.034913 seconds .

========================================================================
Received Import Request.
  Time since last request: 75.251610 seconds.
  path: Assets/Scenes/Blockout Waterfall Full Scale.unity
  artifactKey: Guid(51552f2ed84e7134d97a1a15ab84e074) Importer(815301076,1909f56bfc062723c751e8b465ee728b)
Start importing Assets/Scenes/Blockout Waterfall Full Scale.unity using Guid(51552f2ed84e7134d97a1a15ab84e074) Importer(815301076,1909f56bfc062723c751e8b465ee728b)  -> (artifact id: 'e34d64da23a1517ff940fd9c1077353a') in 0.007914 seconds
  Import took 0.016729 seconds .

========================================================================
Received Import Request.
  Time since last request: 50.945979 seconds.
  path: Assets/Scenes/Level Woods.unity
  artifactKey: Guid(b2cb7f19bc1d28f4fb04543288ecd67e) Importer(815301076,1909f56bfc062723c751e8b465ee728b)
Start importing Assets/Scenes/Level Woods.unity using Guid(b2cb7f19bc1d28f4fb04543288ecd67e) Importer(815301076,1909f56bfc062723c751e8b465ee728b)  -> (artifact id: '834071e20b53c37a3928c8176c301be3') in 0.007856 seconds
  Import took 0.015232 seconds .

========================================================================
Received Import Request.
  Time since last request: 24.287145 seconds.
  path: Assets/Settings/TreasureTrackerCam Scale 100.preset
  artifactKey: Guid(fd907004d85220e488fe376ecf87175e) Importer(815301076,1909f56bfc062723c751e8b465ee728b)
Start importing Assets/Settings/TreasureTrackerCam Scale 100.preset using Guid(fd907004d85220e488fe376ecf87175e) Importer(815301076,1909f56bfc062723c751e8b465ee728b)  -> (artifact id: 'f5fdf1ade55734b23a94fd881244ed2e') in 0.019728 seconds
  Import took 0.026928 seconds .

========================================================================
Received Import Request.
  Time since last request: 0.009388 seconds.
  path: Assets/Settings/TreasureTrackerCam Scale 100.preset
  artifactKey: Guid(fd907004d85220e488fe376ecf87175e) Importer(815301076,1909f56bfc062723c751e8b465ee728b)
Start importing Assets/Settings/TreasureTrackerCam Scale 100.preset using Guid(fd907004d85220e488fe376ecf87175e) Importer(815301076,1909f56bfc062723c751e8b465ee728b)  -> (artifact id: 'f5fdf1ade55734b23a94fd881244ed2e') in 0.004266 seconds
  Import took 0.011915 seconds .

========================================================================
Received Import Request.
  Time since last request: 117.706588 seconds.
  path: Assets/Scenes/Level Woods/Global Volume Profile.asset
  artifactKey: Guid(1221483e4f3d4a7409a7c0d7417c95eb) Importer(815301076,1909f56bfc062723c751e8b465ee728b)
Start importing Assets/Scenes/Level Woods/Global Volume Profile.asset using Guid(1221483e4f3d4a7409a7c0d7417c95eb) Importer(815301076,1909f56bfc062723c751e8b465ee728b)  -> (artifact id: '69635255019890b04635cf0521d6eca3') in 0.020261 seconds
  Import took 0.026763 seconds .

========================================================================
Received Import Request.
  Time since last request: 0.012625 seconds.
  path: Assets/Scenes/Level Woods/Global Volume Profile.asset
  artifactKey: Guid(1221483e4f3d4a7409a7c0d7417c95eb) Importer(815301076,1909f56bfc062723c751e8b465ee728b)
Start importing Assets/Scenes/Level Woods/Global Volume Profile.asset using Guid(1221483e4f3d4a7409a7c0d7417c95eb) Importer(815301076,1909f56bfc062723c751e8b465ee728b)  -> (artifact id: '69635255019890b04635cf0521d6eca3') in 0.004087 seconds
  Import took 0.010570 seconds .

========================================================================
Received Import Request.
  Time since last request: 2.933409 seconds.
  path: Assets/Scenes/Blockout Waterfall Full Scale/Waterfall Blockout Full Scale.asset
  artifactKey: Guid(b5193df157efdb745972e10d2ad6a31f) Importer(815301076,1909f56bfc062723c751e8b465ee728b)
Start importing Assets/Scenes/Blockout Waterfall Full Scale/Waterfall Blockout Full Scale.asset using Guid(b5193df157efdb745972e10d2ad6a31f) Importer(815301076,1909f56bfc062723c751e8b465ee728b)  -> (artifact id: '84a41e9d5dfd8626d3f22f68f58867ba') in 0.008810 seconds
  Import took 0.015141 seconds .

========================================================================
Received Import Request.
  Time since last request: 15.187609 seconds.
  path: Assets/Scenes/Blockout Waterfall Full Scale/Waterfall Blockout Full Scale 1.asset
  artifactKey: Guid(c23392d86af85ff4ea179978ed3a75aa) Importer(815301076,1909f56bfc062723c751e8b465ee728b)
Start importing Assets/Scenes/Blockout Waterfall Full Scale/Waterfall Blockout Full Scale 1.asset using Guid(c23392d86af85ff4ea179978ed3a75aa) Importer(815301076,1909f56bfc062723c751e8b465ee728b)  -> (artifact id: '502ea0ce82ac08119ea2d239282f995c') in 0.008199 seconds
  Import took 0.014977 seconds .

========================================================================
Received Import Request.
  Time since last request: 0.051074 seconds.
  path: Assets/Scenes/Blockout Waterfall Full Scale/Waterfall Blockout Full Scale 1.asset
  artifactKey: Guid(c23392d86af85ff4ea179978ed3a75aa) Importer(815301076,1909f56bfc062723c751e8b465ee728b)
Start importing Assets/Scenes/Blockout Waterfall Full Scale/Waterfall Blockout Full Scale 1.asset using Guid(c23392d86af85ff4ea179978ed3a75aa) Importer(815301076,1909f56bfc062723c751e8b465ee728b)  -> (artifact id: '502ea0ce82ac08119ea2d239282f995c') in 0.004656 seconds
  Import took 0.010748 seconds .

========================================================================
Received Import Request.
  Time since last request: 10.387311 seconds.
  path: Assets/Scenes/Level Woods/Waterfall Level.asset
  artifactKey: Guid(c23392d86af85ff4ea179978ed3a75aa) Importer(815301076,1909f56bfc062723c751e8b465ee728b)
Start importing Assets/Scenes/Level Woods/Waterfall Level.asset using Guid(c23392d86af85ff4ea179978ed3a75aa) Importer(815301076,1909f56bfc062723c751e8b465ee728b)  -> (artifact id: 'd36ab3cb4c562601ac2996062b24d858') in 0.010708 seconds
  Import took 0.021433 seconds .

========================================================================
Received Import Request.
  Time since last request: 0.035398 seconds.
  path: Assets/Scenes/Level Woods/Waterfall Level.asset
  artifactKey: Guid(c23392d86af85ff4ea179978ed3a75aa) Importer(815301076,1909f56bfc062723c751e8b465ee728b)
Start importing Assets/Scenes/Level Woods/Waterfall Level.asset using Guid(c23392d86af85ff4ea179978ed3a75aa) Importer(815301076,1909f56bfc062723c751e8b465ee728b)  -> (artifact id: 'd36ab3cb4c562601ac2996062b24d858') in 0.003982 seconds
  Import took 0.009820 seconds .

========================================================================
Received Import Request.
  Time since last request: 12.831951 seconds.
  path: Assets/Scenes/Level Woods/Level Waterfall.asset
  artifactKey: Guid(c23392d86af85ff4ea179978ed3a75aa) Importer(815301076,1909f56bfc062723c751e8b465ee728b)
Start importing Assets/Scenes/Level Woods/Level Waterfall.asset using Guid(c23392d86af85ff4ea179978ed3a75aa) Importer(815301076,1909f56bfc062723c751e8b465ee728b)  -> (artifact id: '36bc3d2a694daa9c45fffa5fdc92ccc6') in 0.009127 seconds
  Import took 0.019433 seconds .

========================================================================
Received Import Request.
  Time since last request: 0.035714 seconds.
  path: Assets/Scenes/Level Woods/Level Waterfall.asset
  artifactKey: Guid(c23392d86af85ff4ea179978ed3a75aa) Importer(815301076,1909f56bfc062723c751e8b465ee728b)
Start importing Assets/Scenes/Level Woods/Level Waterfall.asset using Guid(c23392d86af85ff4ea179978ed3a75aa) Importer(815301076,1909f56bfc062723c751e8b465ee728b)  -> (artifact id: '36bc3d2a694daa9c45fffa5fdc92ccc6') in 0.003905 seconds
  Import took 0.010139 seconds .

========================================================================
Received Import Request.
  Time since last request: 14.189868 seconds.
  path: Assets/Scenes/Level Woods/Level Waterfall.asset
  artifactKey: Guid(c23392d86af85ff4ea179978ed3a75aa) Importer(815301076,1909f56bfc062723c751e8b465ee728b)
Start importing Assets/Scenes/Level Woods/Level Waterfall.asset using Guid(c23392d86af85ff4ea179978ed3a75aa) Importer(815301076,1909f56bfc062723c751e8b465ee728b)  -> (artifact id: 'f3670de1a3ae498ed58235e433b3e140') in 0.004070 seconds
  Import took 0.013195 seconds .

========================================================================
Received Import Request.
  Time since last request: 25.269543 seconds.
  path: Assets/Scenes/Level Woods.unity
  artifactKey: Guid(b2cb7f19bc1d28f4fb04543288ecd67e) Importer(815301076,1909f56bfc062723c751e8b465ee728b)
Start importing Assets/Scenes/Level Woods.unity using Guid(b2cb7f19bc1d28f4fb04543288ecd67e) Importer(815301076,1909f56bfc062723c751e8b465ee728b)  -> (artifact id: '65cc39ef0cea5cd63375706979d807d0') in 0.002804 seconds
  Import took 0.014335 seconds .

========================================================================
Received Import Request.
  Time since last request: 44.619281 seconds.
  path: Assets/Prefabs/Directional Light.prefab
  artifactKey: Guid(7ba6c8a66bea51e44a8f964df2f696d5) Importer(815301076,1909f56bfc062723c751e8b465ee728b)
Start importing Assets/Prefabs/Directional Light.prefab using Guid(7ba6c8a66bea51e44a8f964df2f696d5) Importer(815301076,1909f56bfc062723c751e8b465ee728b)  -> (artifact id: 'f9d449a647d9f224dac6eca98da719f2') in 0.030803 seconds
  Import took 0.041137 seconds .

========================================================================
Received Import Request.
  Time since last request: 0.019078 seconds.
  path: Assets/Prefabs/Directional Light.prefab
  artifactKey: Guid(7ba6c8a66bea51e44a8f964df2f696d5) Importer(815301076,1909f56bfc062723c751e8b465ee728b)
Start importing Assets/Prefabs/Directional Light.prefab using Guid(7ba6c8a66bea51e44a8f964df2f696d5) Importer(815301076,1909f56bfc062723c751e8b465ee728b)  -> (artifact id: 'f9d449a647d9f224dac6eca98da719f2') in 0.004457 seconds
  Import took 0.011272 seconds .

========================================================================
Received Import Request.
  Time since last request: 8.422420 seconds.
  path: Assets/Prefabs/Sun.prefab
  artifactKey: Guid(7ba6c8a66bea51e44a8f964df2f696d5) Importer(815301076,1909f56bfc062723c751e8b465ee728b)
Start importing Assets/Prefabs/Sun.prefab using Guid(7ba6c8a66bea51e44a8f964df2f696d5) Importer(815301076,1909f56bfc062723c751e8b465ee728b)  -> (artifact id: 'b04d44d8e10fdafab37a1412071b2e9e') in 0.008990 seconds
  Import took 0.019682 seconds .

========================================================================
Received Import Request.
  Time since last request: 0.035476 seconds.
  path: Assets/Prefabs/Sun.prefab
  artifactKey: Guid(7ba6c8a66bea51e44a8f964df2f696d5) Importer(815301076,1909f56bfc062723c751e8b465ee728b)
Start importing Assets/Prefabs/Sun.prefab using Guid(7ba6c8a66bea51e44a8f964df2f696d5) Importer(815301076,1909f56bfc062723c751e8b465ee728b)  -> (artifact id: 'b04d44d8e10fdafab37a1412071b2e9e') in 0.005441 seconds
  Import took 0.012408 seconds .

========================================================================
Received Import Request.
  Time since last request: 9.577915 seconds.
  path: Assets/Scenes/Level Woods.unity
  artifactKey: Guid(b2cb7f19bc1d28f4fb04543288ecd67e) Importer(815301076,1909f56bfc062723c751e8b465ee728b)
Start importing Assets/Scenes/Level Woods.unity using Guid(b2cb7f19bc1d28f4fb04543288ecd67e) Importer(815301076,1909f56bfc062723c751e8b465ee728b)  -> (artifact id: '9a80475b6013db21f3f2b4233f6cb215') in 0.003407 seconds
  Import took 0.012878 seconds .

========================================================================
Received Import Request.
  Time since last request: 174.787284 seconds.
  path: Assets/Scenes/Blockout Waterfall Full Scale.unity
  artifactKey: Guid(51552f2ed84e7134d97a1a15ab84e074) Importer(815301076,1909f56bfc062723c751e8b465ee728b)
Start importing Assets/Scenes/Blockout Waterfall Full Scale.unity using Guid(51552f2ed84e7134d97a1a15ab84e074) Importer(815301076,1909f56bfc062723c751e8b465ee728b)  -> (artifact id: '3697592169e2881ccdd68d3804da2cde') in 0.007077 seconds
  Import took 0.015298 seconds .

========================================================================
Received Import Request.
  Time since last request: 5.620519 seconds.
  path: Assets/Scenes/LazyUV Art Test/LazyUV Test Global Volume Profile.asset
  artifactKey: Guid(cc04c338a7a5dac459537409981d0afe) Importer(815301076,1909f56bfc062723c751e8b465ee728b)
Start importing Assets/Scenes/LazyUV Art Test/LazyUV Test Global Volume Profile.asset using Guid(cc04c338a7a5dac459537409981d0afe) Importer(815301076,1909f56bfc062723c751e8b465ee728b)  -> (artifact id: '965506edb5f9eaea1acc9256812e6def') in 0.009832 seconds
  Import took 0.016556 seconds .

========================================================================
Received Import Request.
  Time since last request: 0.019407 seconds.
  path: Assets/Scenes/LazyUV Art Test/LazyUV Test Global Volume Profile.asset
  artifactKey: Guid(cc04c338a7a5dac459537409981d0afe) Importer(815301076,1909f56bfc062723c751e8b465ee728b)
Start importing Assets/Scenes/LazyUV Art Test/LazyUV Test Global Volume Profile.asset using Guid(cc04c338a7a5dac459537409981d0afe) Importer(815301076,1909f56bfc062723c751e8b465ee728b)  -> (artifact id: '965506edb5f9eaea1acc9256812e6def') in 0.003923 seconds
  Import took 0.010522 seconds .

========================================================================
Received Import Request.
  Time since last request: 31.267934 seconds.
  path: Assets/Scenes/Level Woods.unity
  artifactKey: Guid(b2cb7f19bc1d28f4fb04543288ecd67e) Importer(815301076,1909f56bfc062723c751e8b465ee728b)
Start importing Assets/Scenes/Level Woods.unity using Guid(b2cb7f19bc1d28f4fb04543288ecd67e) Importer(815301076,1909f56bfc062723c751e8b465ee728b)  -> (artifact id: '42e035c2449e7146f68034a72bd87e5f') in 0.004067 seconds
  Import took 0.015852 seconds .

========================================================================
Received Import Request.
  Time since last request: 8.164789 seconds.
  path: Assets/Scenes/Megascan Art Test/LightingVolume.asset
  artifactKey: Guid(d4ea7acb7a1381a4ea274fd22c5b3ff1) Importer(815301076,1909f56bfc062723c751e8b465ee728b)
Start importing Assets/Scenes/Megascan Art Test/LightingVolume.asset using Guid(d4ea7acb7a1381a4ea274fd22c5b3ff1) Importer(815301076,1909f56bfc062723c751e8b465ee728b)  -> (artifact id: 'b7c2ae63659ff6aacce0ef3d381fe355') in 0.013381 seconds
  Import took 0.019794 seconds .

========================================================================
Received Import Request.
  Time since last request: 0.000289 seconds.
  path: Assets/Scenes/Megascan Art Test/Megascan Test Global Volume Profile.asset
  artifactKey: Guid(9549076b485c82a40a7be950ce553414) Importer(815301076,1909f56bfc062723c751e8b465ee728b)
Start importing Assets/Scenes/Megascan Art Test/Megascan Test Global Volume Profile.asset using Guid(9549076b485c82a40a7be950ce553414) Importer(815301076,1909f56bfc062723c751e8b465ee728b)  -> (artifact id: '5701cc990981877e2bf62b576db1acb3') in 0.009404 seconds
  Import took 0.015340 seconds .

========================================================================
Received Import Request.
  Time since last request: 0.003601 seconds.
  path: Assets/Scenes/Megascan Art Test/LightingVolume.asset
  artifactKey: Guid(d4ea7acb7a1381a4ea274fd22c5b3ff1) Importer(815301076,1909f56bfc062723c751e8b465ee728b)
Start importing Assets/Scenes/Megascan Art Test/LightingVolume.asset using Guid(d4ea7acb7a1381a4ea274fd22c5b3ff1) Importer(815301076,1909f56bfc062723c751e8b465ee728b)  -> (artifact id: 'b7c2ae63659ff6aacce0ef3d381fe355') in 0.007308 seconds
  Import took 0.013071 seconds .

========================================================================
Received Import Request.
  Time since last request: 64.244892 seconds.
  path: Assets/Prefabs/Character Variant.prefab
  artifactKey: Guid(f92a56865b82d37488fc7d7a816725f6) Importer(815301076,1909f56bfc062723c751e8b465ee728b)
Start importing Assets/Prefabs/Character Variant.prefab using Guid(f92a56865b82d37488fc7d7a816725f6) Importer(815301076,1909f56bfc062723c751e8b465ee728b)  -> (artifact id: 'b5f553c8494fc4a032c0b036af15e4f0') in 0.656867 seconds
  Import took 0.701062 seconds .

========================================================================
Received Import Request.
  Time since last request: 5.434166 seconds.
  path: Assets/Prefabs/Character Large Variant.prefab
  artifactKey: Guid(f92a56865b82d37488fc7d7a816725f6) Importer(815301076,1909f56bfc062723c751e8b465ee728b)
Start importing Assets/Prefabs/Character Large Variant.prefab using Guid(f92a56865b82d37488fc7d7a816725f6) Importer(815301076,1909f56bfc062723c751e8b465ee728b)  -> (artifact id: 'f67e9d9eae3ed8a593d58147f315a4e5') in 0.029811 seconds
  Import took 0.036817 seconds .

========================================================================
Received Import Request.
  Time since last request: 0.018823 seconds.
  path: Assets/Prefabs/Character Large Variant.prefab
  artifactKey: Guid(f92a56865b82d37488fc7d7a816725f6) Importer(815301076,1909f56bfc062723c751e8b465ee728b)
Start importing Assets/Prefabs/Character Large Variant.prefab using Guid(f92a56865b82d37488fc7d7a816725f6) Importer(815301076,1909f56bfc062723c751e8b465ee728b)  -> (artifact id: 'f67e9d9eae3ed8a593d58147f315a4e5') in 0.025002 seconds
  Import took 0.033663 seconds .

========================================================================
Received Import Request.
  Time since last request: 17.014854 seconds.
  path: Assets/Prefabs/Treasure Tracker Camera Variant.prefab
  artifactKey: Guid(07b30e55c5cba7f438f9853a2511ca25) Importer(815301076,1909f56bfc062723c751e8b465ee728b)
Start importing Assets/Prefabs/Treasure Tracker Camera Variant.prefab using Guid(07b30e55c5cba7f438f9853a2511ca25) Importer(815301076,1909f56bfc062723c751e8b465ee728b)  -> (artifact id: '2fced8d47119fcac4c3800a9e3240558') in 0.017396 seconds
  Import took 0.027949 seconds .

========================================================================
Received Import Request.
  Time since last request: 0.032276 seconds.
  path: Assets/Prefabs/Treasure Tracker Camera Variant.prefab
  artifactKey: Guid(07b30e55c5cba7f438f9853a2511ca25) Importer(815301076,1909f56bfc062723c751e8b465ee728b)
Start importing Assets/Prefabs/Treasure Tracker Camera Variant.prefab using Guid(07b30e55c5cba7f438f9853a2511ca25) Importer(815301076,1909f56bfc062723c751e8b465ee728b)  -> (artifact id: '2fced8d47119fcac4c3800a9e3240558') in 0.004734 seconds
  Import took 0.011109 seconds .

========================================================================
Received Import Request.
  Time since last request: 7.619714 seconds.
  path: Assets/Prefabs/Treasure Tracker Camera Large Variant.prefab
  artifactKey: Guid(07b30e55c5cba7f438f9853a2511ca25) Importer(815301076,1909f56bfc062723c751e8b465ee728b)
Start importing Assets/Prefabs/Treasure Tracker Camera Large Variant.prefab using Guid(07b30e55c5cba7f438f9853a2511ca25) Importer(815301076,1909f56bfc062723c751e8b465ee728b)  -> (artifact id: '8f0abb3ecac1877cc1310379a6ed03f9') in 0.008863 seconds
  Import took 0.018676 seconds .

========================================================================
Received Import Request.
  Time since last request: 0.035504 seconds.
  path: Assets/Prefabs/Treasure Tracker Camera Large Variant.prefab
  artifactKey: Guid(07b30e55c5cba7f438f9853a2511ca25) Importer(815301076,1909f56bfc062723c751e8b465ee728b)
Start importing Assets/Prefabs/Treasure Tracker Camera Large Variant.prefab using Guid(07b30e55c5cba7f438f9853a2511ca25) Importer(815301076,1909f56bfc062723c751e8b465ee728b)  -> (artifact id: '8f0abb3ecac1877cc1310379a6ed03f9') in 0.004729 seconds
  Import took 0.011280 seconds .

========================================================================
Received Import Request.
  Time since last request: 10.180935 seconds.
  path: Assets/Scenes/Level Woods.unity
  artifactKey: Guid(b2cb7f19bc1d28f4fb04543288ecd67e) Importer(815301076,1909f56bfc062723c751e8b465ee728b)
Start importing Assets/Scenes/Level Woods.unity using Guid(b2cb7f19bc1d28f4fb04543288ecd67e) Importer(815301076,1909f56bfc062723c751e8b465ee728b)  -> (artifact id: 'c3cef7078fc258a131995eb0c7b91688') in 0.006607 seconds
  Import took 0.016511 seconds .

========================================================================
Received Prepare
Registering precompiled user dll's ...
Registered in 0.002013 seconds.
Begin MonoManager ReloadAssembly
Native extension for WindowsStandalone target not found
Refreshing native plugins compatible for Editor in 0.61 ms, found 0 plugins.
Preloading 0 native plugins for Editor in 0.00 ms.
Invoked RoslynAnalysisRunner static constructor.
RoslynAnalysisRunner will not be running.
RoslynAnalysisRunner has terminated.
Mono: successfully reloaded assembly
- Completed reload, in  1.258 seconds
Platform modules already initialized, skipping
Shader 'SimpleURPToonLitExample(With Outline)': fallback shader 'Hidden/Universal Render Pipeline/FallbackError' not found
Shader 'SimpleURPToonLitExample(With Outline)': fallback shader 'Hidden/Universal Render Pipeline/FallbackError' not found
Refreshing native plugins compatible for Editor in 0.65 ms, found 0 plugins.
Preloading 0 native plugins for Editor in 0.00 ms.
Unloading 3615 Unused Serialized files (Serialized files now loaded: 0)
System memory in use before: 226.1 MB.
System memory in use after: 226.3 MB.

Unloading 109 unused Assets to reduce memory usage. Loaded Objects now: 4798.
Total: 4.447900 ms (FindLiveObjects: 0.445100 ms CreateObjectMapping: 0.209200 ms MarkObjects: 3.528900 ms  DeleteObjects: 0.263000 ms)

========================================================================
Received Prepare
Registering precompiled user dll's ...
Registered in 0.001889 seconds.
Begin MonoManager ReloadAssembly
Native extension for WindowsStandalone target not found
Refreshing native plugins compatible for Editor in 0.77 ms, found 0 plugins.
Preloading 0 native plugins for Editor in 0.00 ms.
Invoked RoslynAnalysisRunner static constructor.
RoslynAnalysisRunner will not be running.
RoslynAnalysisRunner has terminated.
Mono: successfully reloaded assembly
- Completed reload, in  1.250 seconds
Platform modules already initialized, skipping
Shader 'SimpleURPToonLitExample(With Outline)': fallback shader 'Hidden/Universal Render Pipeline/FallbackError' not found
Shader 'SimpleURPToonLitExample(With Outline)': fallback shader 'Hidden/Universal Render Pipeline/FallbackError' not found
Refreshing native plugins compatible for Editor in 1.20 ms, found 0 plugins.
Preloading 0 native plugins for Editor in 0.00 ms.
Unloading 3615 Unused Serialized files (Serialized files now loaded: 0)
System memory in use before: 226.2 MB.
System memory in use after: 226.3 MB.

Unloading 109 unused Assets to reduce memory usage. Loaded Objects now: 4800.
Total: 4.399200 ms (FindLiveObjects: 0.824000 ms CreateObjectMapping: 0.529800 ms MarkObjects: 2.757700 ms  DeleteObjects: 0.285700 ms)

========================================================================
Received Import Request.
  Time since last request: 99.725888 seconds.
  path: Assets/Prefabs/Character Large Variant.prefab
  artifactKey: Guid(f92a56865b82d37488fc7d7a816725f6) Importer(815301076,1909f56bfc062723c751e8b465ee728b)
Start importing Assets/Prefabs/Character Large Variant.prefab using Guid(f92a56865b82d37488fc7d7a816725f6) Importer(815301076,1909f56bfc062723c751e8b465ee728b)  -> (artifact id: 'cf0cc9e0ea0ca9993fd4b6f64eed5baa') in 0.672607 seconds
  Import took 0.685093 seconds .

========================================================================
Received Import Request.
  Time since last request: 0.000286 seconds.
  path: Assets/Prefabs/Character.prefab
  artifactKey: Guid(fc22f483edfe52f4b86cab2f8608c83f) Importer(815301076,1909f56bfc062723c751e8b465ee728b)
Start importing Assets/Prefabs/Character.prefab using Guid(fc22f483edfe52f4b86cab2f8608c83f) Importer(815301076,1909f56bfc062723c751e8b465ee728b)  -> (artifact id: '55ccd82fcb0add54caed7d923a1d652f') in 0.034734 seconds
  Import took 0.040765 seconds .

========================================================================
Received Import Request.
  Time since last request: 0.915004 seconds.
  path: Assets/Prefabs/Character Large Variant.prefab
  artifactKey: Guid(f92a56865b82d37488fc7d7a816725f6) Importer(815301076,1909f56bfc062723c751e8b465ee728b)
Start importing Assets/Prefabs/Character Large Variant.prefab using Guid(f92a56865b82d37488fc7d7a816725f6) Importer(815301076,1909f56bfc062723c751e8b465ee728b)  -> (artifact id: '2c2b1b2c41f06c3c1456c4f917c61e8e') in 0.023819 seconds
  Import took 0.036159 seconds .

========================================================================
Received Import Request.
  Time since last request: 0.000261 seconds.
  path: Assets/Prefabs/Character.prefab
  artifactKey: Guid(fc22f483edfe52f4b86cab2f8608c83f) Importer(815301076,1909f56bfc062723c751e8b465ee728b)
Start importing Assets/Prefabs/Character.prefab using Guid(fc22f483edfe52f4b86cab2f8608c83f) Importer(815301076,1909f56bfc062723c751e8b465ee728b)  -> (artifact id: '9a57e3b0604feb5d58b9b94ba9e33fd8') in 0.053507 seconds
  Import took 0.060624 seconds .

========================================================================
Received Import Request.
  Time since last request: 2.452434 seconds.
  path: Assets/Prefabs/Character Large Variant.prefab
  artifactKey: Guid(f92a56865b82d37488fc7d7a816725f6) Importer(815301076,1909f56bfc062723c751e8b465ee728b)
Start importing Assets/Prefabs/Character Large Variant.prefab using Guid(f92a56865b82d37488fc7d7a816725f6) Importer(815301076,1909f56bfc062723c751e8b465ee728b)  -> (artifact id: '38e4641a96b4326fe137fd964551f866') in 0.023845 seconds
  Import took 0.034043 seconds .

========================================================================
Received Import Request.
  Time since last request: 0.000332 seconds.
  path: Assets/Prefabs/Character.prefab
  artifactKey: Guid(fc22f483edfe52f4b86cab2f8608c83f) Importer(815301076,1909f56bfc062723c751e8b465ee728b)
Start importing Assets/Prefabs/Character.prefab using Guid(fc22f483edfe52f4b86cab2f8608c83f) Importer(815301076,1909f56bfc062723c751e8b465ee728b)  -> (artifact id: '62f052c76fd90c6a0ff61cab0aeb3b81') in 0.024688 seconds
  Import took 0.031633 seconds .

========================================================================
Received Prepare
Registering precompiled user dll's ...
Registered in 0.003151 seconds.
Begin MonoManager ReloadAssembly
Native extension for WindowsStandalone target not found
Refreshing native plugins compatible for Editor in 0.74 ms, found 0 plugins.
Preloading 0 native plugins for Editor in 0.00 ms.
Invoked RoslynAnalysisRunner static constructor.
RoslynAnalysisRunner will not be running.
RoslynAnalysisRunner has terminated.
Mono: successfully reloaded assembly
- Completed reload, in  1.401 seconds
Platform modules already initialized, skipping
Shader 'SimpleURPToonLitExample(With Outline)': fallback shader 'Hidden/Universal Render Pipeline/FallbackError' not found
Shader 'SimpleURPToonLitExample(With Outline)': fallback shader 'Hidden/Universal Render Pipeline/FallbackError' not found
Refreshing native plugins compatible for Editor in 0.67 ms, found 0 plugins.
Preloading 0 native plugins for Editor in 0.00 ms.
Unloading 3615 Unused Serialized files (Serialized files now loaded: 0)
System memory in use before: 226.5 MB.
System memory in use after: 226.7 MB.

Unloading 109 unused Assets to reduce memory usage. Loaded Objects now: 4904.
Total: 4.833600 ms (FindLiveObjects: 0.729600 ms CreateObjectMapping: 0.345500 ms MarkObjects: 3.479100 ms  DeleteObjects: 0.277400 ms)

========================================================================
Received Import Request.
  Time since last request: 110.723777 seconds.
  path: Assets/Scenes/Blockout Waterfall Full Scale.unity
  artifactKey: Guid(51552f2ed84e7134d97a1a15ab84e074) Importer(815301076,1909f56bfc062723c751e8b465ee728b)
Start importing Assets/Scenes/Blockout Waterfall Full Scale.unity using Guid(51552f2ed84e7134d97a1a15ab84e074) Importer(815301076,1909f56bfc062723c751e8b465ee728b)  -> (artifact id: '1d5c589eeb0bc114534909aef23295bf') in 0.022652 seconds
  Import took 0.032701 seconds .

========================================================================
Received Import Request.
  Time since last request: 11.492636 seconds.
  path: Assets/Prefabs/Collectible Indicator.prefab
  artifactKey: Guid(f082246a102384047b842628d7b10460) Importer(815301076,1909f56bfc062723c751e8b465ee728b)
Start importing Assets/Prefabs/Collectible Indicator.prefab using Guid(f082246a102384047b842628d7b10460) Importer(815301076,1909f56bfc062723c751e8b465ee728b)  -> (artifact id: 'e58e69a047f84b4fadb8c2b7d3bb5214') in 0.023323 seconds
  Import took 0.030997 seconds .

========================================================================
Received Import Request.
  Time since last request: 0.025818 seconds.
  path: Assets/Prefabs/Collectible Indicator.prefab
  artifactKey: Guid(f082246a102384047b842628d7b10460) Importer(815301076,1909f56bfc062723c751e8b465ee728b)
Start importing Assets/Prefabs/Collectible Indicator.prefab using Guid(f082246a102384047b842628d7b10460) Importer(815301076,1909f56bfc062723c751e8b465ee728b)  -> (artifact id: 'e58e69a047f84b4fadb8c2b7d3bb5214') in 0.004564 seconds
  Import took 0.010115 seconds .

========================================================================
Received Import Request.
  Time since last request: 6.323349 seconds.
  path: Assets/Scenes/Level Woods.unity
  artifactKey: Guid(b2cb7f19bc1d28f4fb04543288ecd67e) Importer(815301076,1909f56bfc062723c751e8b465ee728b)
Start importing Assets/Scenes/Level Woods.unity using Guid(b2cb7f19bc1d28f4fb04543288ecd67e) Importer(815301076,1909f56bfc062723c751e8b465ee728b)  -> (artifact id: 'a026388c1581805c2440b095bcb6a378') in 0.004189 seconds
  Import took 0.015503 seconds .

========================================================================
Received Import Request.
  Time since last request: 19.259774 seconds.
  path: Assets/Audio/Forest Ambiance + Water.wav
  artifactKey: Guid(b81ec34a75ecfd247be0a900a833e628) Importer(815301076,1909f56bfc062723c751e8b465ee728b)
Start importing Assets/Audio/Forest Ambiance + Water.wav using Guid(b81ec34a75ecfd247be0a900a833e628) Importer(815301076,1909f56bfc062723c751e8b465ee728b)  -> (artifact id: '357b0bce5ecaaabf3a15a139b628cf0c') in 0.081119 seconds
  Import took 0.087539 seconds .

========================================================================
Received Import Request.
  Time since last request: 0.835607 seconds.
  path: Assets/ProBuilder Data/Default Material Palette.asset
  artifactKey: Guid(cb3bf0e5cfffbbb4f95a20bd7f8ff443) Importer(815301076,1909f56bfc062723c751e8b465ee728b)
Start importing Assets/ProBuilder Data/Default Material Palette.asset using Guid(cb3bf0e5cfffbbb4f95a20bd7f8ff443) Importer(815301076,1909f56bfc062723c751e8b465ee728b)  -> (artifact id: 'd611a480a937696842e011f319fb0981') in 0.008077 seconds
  Import took 0.014637 seconds .

========================================================================
Received Prepare
Registering precompiled user dll's ...
Registered in 0.001979 seconds.
Begin MonoManager ReloadAssembly
Native extension for WindowsStandalone target not found
Refreshing native plugins compatible for Editor in 0.67 ms, found 0 plugins.
Preloading 0 native plugins for Editor in 0.00 ms.
Invoked RoslynAnalysisRunner static constructor.
RoslynAnalysisRunner will not be running.
RoslynAnalysisRunner has terminated.
Mono: successfully reloaded assembly
- Completed reload, in  1.320 seconds
Platform modules already initialized, skipping
Shader 'SimpleURPToonLitExample(With Outline)': fallback shader 'Hidden/Universal Render Pipeline/FallbackError' not found
Shader 'SimpleURPToonLitExample(With Outline)': fallback shader 'Hidden/Universal Render Pipeline/FallbackError' not found
Refreshing native plugins compatible for Editor in 1.56 ms, found 0 plugins.
Preloading 0 native plugins for Editor in 0.00 ms.
Unloading 3615 Unused Serialized files (Serialized files now loaded: 0)
System memory in use before: 226.6 MB.
System memory in use after: 226.8 MB.

Unloading 109 unused Assets to reduce memory usage. Loaded Objects now: 4909.
Total: 6.069700 ms (FindLiveObjects: 0.450900 ms CreateObjectMapping: 0.359600 ms MarkObjects: 4.971300 ms  DeleteObjects: 0.286600 ms)

========================================================================
Received Prepare
Registering precompiled user dll's ...
Registered in 0.001965 seconds.
Begin MonoManager ReloadAssembly
Native extension for WindowsStandalone target not found
Refreshing native plugins compatible for Editor in 0.93 ms, found 0 plugins.
Preloading 0 native plugins for Editor in 0.00 ms.
Invoked RoslynAnalysisRunner static constructor.
RoslynAnalysisRunner will not be running.
RoslynAnalysisRunner has terminated.
Mono: successfully reloaded assembly
- Completed reload, in  1.374 seconds
Platform modules already initialized, skipping
Shader 'SimpleURPToonLitExample(With Outline)': fallback shader 'Hidden/Universal Render Pipeline/FallbackError' not found
Shader 'SimpleURPToonLitExample(With Outline)': fallback shader 'Hidden/Universal Render Pipeline/FallbackError' not found
Refreshing native plugins compatible for Editor in 0.67 ms, found 0 plugins.
Preloading 0 native plugins for Editor in 0.00 ms.
Unloading 3615 Unused Serialized files (Serialized files now loaded: 0)
System memory in use before: 226.6 MB.
System memory in use after: 226.8 MB.

Unloading 109 unused Assets to reduce memory usage. Loaded Objects now: 4911.
Total: 4.142700 ms (FindLiveObjects: 0.629800 ms CreateObjectMapping: 0.280000 ms MarkObjects: 2.947400 ms  DeleteObjects: 0.283900 ms)

========================================================================
Received Prepare
Registering precompiled user dll's ...
Registered in 0.002252 seconds.
Begin MonoManager ReloadAssembly
Native extension for WindowsStandalone target not found
Refreshing native plugins compatible for Editor in 0.62 ms, found 0 plugins.
Preloading 0 native plugins for Editor in 0.00 ms.
Invoked RoslynAnalysisRunner static constructor.
RoslynAnalysisRunner will not be running.
RoslynAnalysisRunner has terminated.
Mono: successfully reloaded assembly
- Completed reload, in  1.242 seconds
Platform modules already initialized, skipping
Shader 'SimpleURPToonLitExample(With Outline)': fallback shader 'Hidden/Universal Render Pipeline/FallbackError' not found
Shader 'SimpleURPToonLitExample(With Outline)': fallback shader 'Hidden/Universal Render Pipeline/FallbackError' not found
Refreshing native plugins compatible for Editor in 0.64 ms, found 0 plugins.
Preloading 0 native plugins for Editor in 0.00 ms.
Unloading 3615 Unused Serialized files (Serialized files now loaded: 0)
System memory in use before: 226.6 MB.
System memory in use after: 226.8 MB.

Unloading 109 unused Assets to reduce memory usage. Loaded Objects now: 4913.
Total: 4.017500 ms (FindLiveObjects: 0.406000 ms CreateObjectMapping: 0.199700 ms MarkObjects: 3.135400 ms  DeleteObjects: 0.275100 ms)

========================================================================
Received Prepare
Registering precompiled user dll's ...
Registered in 0.001941 seconds.
Begin MonoManager ReloadAssembly
Native extension for WindowsStandalone target not found
Refreshing native plugins compatible for Editor in 1.04 ms, found 0 plugins.
Preloading 0 native plugins for Editor in 0.00 ms.
Invoked RoslynAnalysisRunner static constructor.
RoslynAnalysisRunner will not be running.
RoslynAnalysisRunner has terminated.
Mono: successfully reloaded assembly
- Completed reload, in  1.415 seconds
Platform modules already initialized, skipping
Shader 'SimpleURPToonLitExample(With Outline)': fallback shader 'Hidden/Universal Render Pipeline/FallbackError' not found
Shader 'SimpleURPToonLitExample(With Outline)': fallback shader 'Hidden/Universal Render Pipeline/FallbackError' not found
Refreshing native plugins compatible for Editor in 0.64 ms, found 0 plugins.
Preloading 0 native plugins for Editor in 0.00 ms.
Unloading 3615 Unused Serialized files (Serialized files now loaded: 0)
System memory in use before: 226.7 MB.
System memory in use after: 226.8 MB.

Unloading 109 unused Assets to reduce memory usage. Loaded Objects now: 4915.
Total: 4.738700 ms (FindLiveObjects: 0.408700 ms CreateObjectMapping: 0.228400 ms MarkObjects: 3.758600 ms  DeleteObjects: 0.341700 ms)

========================================================================
Received Import Request.
  Time since last request: 365.904276 seconds.
  path: Assets/3D Assets/Base.fbx
  artifactKey: Guid(063f765ccdf8b514ca9bd9167561cd6b) Importer(815301076,1909f56bfc062723c751e8b465ee728b)
Start importing Assets/3D Assets/Base.fbx using Guid(063f765ccdf8b514ca9bd9167561cd6b) Importer(815301076,1909f56bfc062723c751e8b465ee728b)  -> (artifact id: '3e72aaee50e0dc5e5fbc06aacefa6d8f') in 1.023472 seconds
  Import took 1.036775 seconds .

========================================================================
Received Prepare
Registering precompiled user dll's ...
Registered in 0.003727 seconds.
Begin MonoManager ReloadAssembly
Native extension for WindowsStandalone target not found
Refreshing native plugins compatible for Editor in 1.77 ms, found 0 plugins.
Preloading 0 native plugins for Editor in 0.00 ms.
Invoked RoslynAnalysisRunner static constructor.
RoslynAnalysisRunner will not be running.
RoslynAnalysisRunner has terminated.
Mono: successfully reloaded assembly
- Completed reload, in  1.638 seconds
Platform modules already initialized, skipping
Shader 'SimpleURPToonLitExample(With Outline)': fallback shader 'Hidden/Universal Render Pipeline/FallbackError' not found
Shader 'SimpleURPToonLitExample(With Outline)': fallback shader 'Hidden/Universal Render Pipeline/FallbackError' not found
Refreshing native plugins compatible for Editor in 1.05 ms, found 0 plugins.
Preloading 0 native plugins for Editor in 0.00 ms.
Unloading 3615 Unused Serialized files (Serialized files now loaded: 0)
System memory in use before: 227.0 MB.
System memory in use after: 227.1 MB.

Unloading 109 unused Assets to reduce memory usage. Loaded Objects now: 5019.
Total: 4.034100 ms (FindLiveObjects: 0.520000 ms CreateObjectMapping: 0.247000 ms MarkObjects: 2.947400 ms  DeleteObjects: 0.318600 ms)

AssetImportWorkerClient::OnTransportError - code=2 error=End of file
