Using pre-set license
Built from '2020.2/release' branch; Version is '2020.2.2f1 (068178b99f32) revision 426360'; Using compiler version '192528614'; Build Type 'Release'
OS: 'Windows 10 Home; OS build 19042.867; Version 2009; 64bit' Language: 'de' Physical Memory: 16222 MB
BatchMode: 1, IsHumanControllingUs: 0, StartBugReporterOnCrash: 0, Is64bit: 1, IsPro: 0

 COMMAND LINE ARGUMENTS:
C:\Program Files\Unity\Hub\Editor\2020.2.2f1\Editor\Unity.exe
-adb2
-batchMode
-noUpm
-name
AssetImportWorker0
-projectPath
C:/Users/janca/Documents/HKU/Jaar 4/Afstudeer/MiniNatura
-logFile
Logs/AssetImportWorker0.log
-srvPort
55749
Successfully changed project path to: C:/Users/janca/Documents/HKU/Jaar 4/Afstudeer/MiniNatura
C:/Users/janca/Documents/HKU/Jaar 4/Afstudeer/MiniNatura
Using Asset Import Pipeline V2.
Refreshing native plugins compatible for Editor in 105.44 ms, found 0 plugins.
Preloading 0 native plugins for Editor in 0.00 ms.
Initialize engine version: 2020.2.2f1 (068178b99f32)
[Subsystems] Discovering subsystems at path C:/Program Files/Unity/Hub/Editor/2020.2.2f1/Editor/Data/Resources/UnitySubsystems
[Subsystems] Discovering subsystems at path C:/Users/janca/Documents/HKU/Jaar 4/Afstudeer/MiniNatura/Assets
GfxDevice: creating device client; threaded=0
Direct3D:
    Version:  Direct3D 11.0 [level 11.1]
    Renderer: NVIDIA GeForce GTX 1660 Ti (ID=0x2191)
    Vendor:   
    VRAM:     5991 MB
    Driver:   27.21.14.6089
Initialize mono
Mono path[0] = 'C:/Program Files/Unity/Hub/Editor/2020.2.2f1/Editor/Data/Managed'
Mono path[1] = 'C:/Program Files/Unity/Hub/Editor/2020.2.2f1/Editor/Data/MonoBleedingEdge/lib/mono/unityjit'
Mono config path = 'C:/Program Files/Unity/Hub/Editor/2020.2.2f1/Editor/Data/MonoBleedingEdge/etc'
Using monoOptions --debugger-agent=transport=dt_socket,embedding=1,server=y,suspend=n,address=127.0.0.1:56444
Begin MonoManager ReloadAssembly
Registering precompiled unity dll's ...
Register platform support module: C:/Program Files/Unity/Hub/Editor/2020.2.2f1/Editor/Data/PlaybackEngines/WindowsStandaloneSupport/UnityEditor.WindowsStandalone.Extensions.dll
Registered in 0.001872 seconds.
Native extension for WindowsStandalone target not found
Refreshing native plugins compatible for Editor in 101.94 ms, found 0 plugins.
Preloading 0 native plugins for Editor in 0.00 ms.
Invoked RoslynAnalysisRunner static constructor.
RoslynAnalysisRunner will not be running.
RoslynAnalysisRunner has terminated.
Mono: successfully reloaded assembly
- Completed reload, in  1.185 seconds
Platform modules already initialized, skipping
Registering precompiled user dll's ...
Registered in 0.002445 seconds.
Begin MonoManager ReloadAssembly
Native extension for WindowsStandalone target not found
Refreshing native plugins compatible for Editor in 122.38 ms, found 0 plugins.
Preloading 0 native plugins for Editor in 0.00 ms.
Invoked RoslynAnalysisRunner static constructor.
RoslynAnalysisRunner will not be running.
RoslynAnalysisRunner has terminated.
Mono: successfully reloaded assembly
- Completed reload, in  2.135 seconds
Platform modules already initialized, skipping
========================================================================
Worker process is ready to serve import requests
Shader 'SimpleURPToonLitExample(With Outline)': fallback shader 'Hidden/Universal Render Pipeline/FallbackError' not found
Shader 'SimpleURPToonLitExample(With Outline)': fallback shader 'Hidden/Universal Render Pipeline/FallbackError' not found
Launched and connected shader compiler UnityShaderCompiler.exe after 0.06 seconds
Refreshing native plugins compatible for Editor in 1.19 ms, found 0 plugins.
Preloading 0 native plugins for Editor in 0.00 ms.
Unloading 3963 Unused Serialized files (Serialized files now loaded: 0)
System memory in use before: 232.1 MB.
System memory in use after: 232.2 MB.

Unloading 114 unused Assets to reduce memory usage. Loaded Objects now: 4412.
Total: 3.031600 ms (FindLiveObjects: 0.420900 ms CreateObjectMapping: 0.241600 ms MarkObjects: 2.101100 ms  DeleteObjects: 0.266700 ms)

========================================================================
Received Import Request.
  path: Assets/2D Assets/Textures/Water_Nrm V1.png
  artifactKey: Guid(b2152d1fb3ab59f45a84b13b2d00e60b) Importer(815301076,1909f56bfc062723c751e8b465ee728b)
Start importing Assets/2D Assets/Textures/Water_Nrm V1.png using Guid(b2152d1fb3ab59f45a84b13b2d00e60b) Importer(815301076,1909f56bfc062723c751e8b465ee728b)  -> (artifact id: 'abbc405765b9067b021dae10116fcd9e') in 0.077923 seconds
  Import took 0.085195 seconds .

========================================================================
Received Import Request.
  Time since last request: 51.749569 seconds.
  path: Assets/2D Assets/Textures/Water_Nrm V2.png
  artifactKey: Guid(b77c7758fbb003441b1f7ee1ad965c19) Importer(815301076,1909f56bfc062723c751e8b465ee728b)
Start importing Assets/2D Assets/Textures/Water_Nrm V2.png using Guid(b77c7758fbb003441b1f7ee1ad965c19) Importer(815301076,1909f56bfc062723c751e8b465ee728b)  -> (artifact id: 'deced2a3420eb03e62b56c8333e471a4') in 0.023515 seconds
  Import took 0.030607 seconds .

========================================================================
Received Import Request.
  Time since last request: 0.009474 seconds.
  path: Assets/2D Assets/Textures/Water_Nrm V2.png
  artifactKey: Guid(b77c7758fbb003441b1f7ee1ad965c19) Importer(815301076,1909f56bfc062723c751e8b465ee728b)
Start importing Assets/2D Assets/Textures/Water_Nrm V2.png using Guid(b77c7758fbb003441b1f7ee1ad965c19) Importer(815301076,1909f56bfc062723c751e8b465ee728b)  -> (artifact id: 'deced2a3420eb03e62b56c8333e471a4') in 0.021675 seconds
  Import took 0.028253 seconds .

========================================================================
Received Import Request.
  Time since last request: 36.982081 seconds.
  path: Assets/2D Assets/Textures/Water_Nrm V1.png
  artifactKey: Guid(b2152d1fb3ab59f45a84b13b2d00e60b) Importer(815301076,1909f56bfc062723c751e8b465ee728b)
Start importing Assets/2D Assets/Textures/Water_Nrm V1.png using Guid(b2152d1fb3ab59f45a84b13b2d00e60b) Importer(815301076,1909f56bfc062723c751e8b465ee728b)  -> (artifact id: 'e993fed09cd0a47f0aa20e1937b41fe1') in 0.040647 seconds
  Import took 0.051842 seconds .

========================================================================
Received Import Request.
  Time since last request: 0.000299 seconds.
  path: Assets/2D Assets/Textures/Water_Nrm V2.png
  artifactKey: Guid(b77c7758fbb003441b1f7ee1ad965c19) Importer(815301076,1909f56bfc062723c751e8b465ee728b)
Start importing Assets/2D Assets/Textures/Water_Nrm V2.png using Guid(b77c7758fbb003441b1f7ee1ad965c19) Importer(815301076,1909f56bfc062723c751e8b465ee728b)  -> (artifact id: '42442976eeb3d47edd1ae6fd82608c8c') in 0.020128 seconds
  Import took 0.027302 seconds .

========================================================================
Received Import Request.
  Time since last request: 172.710926 seconds.
  path: Assets/2D Assets/Textures/Water_Nrm V3.png
  artifactKey: Guid(1007d82167d107c4ea9fe02c218a4146) Importer(815301076,1909f56bfc062723c751e8b465ee728b)
Start importing Assets/2D Assets/Textures/Water_Nrm V3.png using Guid(1007d82167d107c4ea9fe02c218a4146) Importer(815301076,1909f56bfc062723c751e8b465ee728b)  -> (artifact id: 'b844b97119ba4020d5583774b720b09c') in 0.024271 seconds
  Import took 0.033922 seconds .

========================================================================
Received Import Request.
  Time since last request: 0.006428 seconds.
  path: Assets/2D Assets/Textures/Water_Nrm V3.png
  artifactKey: Guid(1007d82167d107c4ea9fe02c218a4146) Importer(815301076,1909f56bfc062723c751e8b465ee728b)
Start importing Assets/2D Assets/Textures/Water_Nrm V3.png using Guid(1007d82167d107c4ea9fe02c218a4146) Importer(815301076,1909f56bfc062723c751e8b465ee728b)  -> (artifact id: 'b844b97119ba4020d5583774b720b09c') in 0.020316 seconds
  Import took 0.026413 seconds .

========================================================================
Received Import Request.
  Time since last request: 4.299469 seconds.
  path: Assets/2D Assets/Textures/Water_Nrm V3.png
  artifactKey: Guid(1007d82167d107c4ea9fe02c218a4146) Importer(815301076,1909f56bfc062723c751e8b465ee728b)
Start importing Assets/2D Assets/Textures/Water_Nrm V3.png using Guid(1007d82167d107c4ea9fe02c218a4146) Importer(815301076,1909f56bfc062723c751e8b465ee728b)  -> (artifact id: '89c5585d00cf7144e4ee47ec82876084') in 0.019268 seconds
  Import took 0.029772 seconds .

========================================================================
Received Import Request.
  Time since last request: 0.016954 seconds.
  path: Assets/2D Assets/Textures/Water_Nrm V3.png
  artifactKey: Guid(1007d82167d107c4ea9fe02c218a4146) Importer(815301076,1909f56bfc062723c751e8b465ee728b)
Start importing Assets/2D Assets/Textures/Water_Nrm V3.png using Guid(1007d82167d107c4ea9fe02c218a4146) Importer(815301076,1909f56bfc062723c751e8b465ee728b)  -> (artifact id: '89c5585d00cf7144e4ee47ec82876084') in 0.020634 seconds
  Import took 0.028652 seconds .

========================================================================
Received Import Request.
  Time since last request: 118.407199 seconds.
  path: Assets/2D Assets/Textures/Water_Nrm V4.png
  artifactKey: Guid(0b58fc14637c62942a02ff45b5a9c337) Importer(815301076,1909f56bfc062723c751e8b465ee728b)
Start importing Assets/2D Assets/Textures/Water_Nrm V4.png using Guid(0b58fc14637c62942a02ff45b5a9c337) Importer(815301076,1909f56bfc062723c751e8b465ee728b)  -> (artifact id: '17236a78d1f37d9f38be1dfc86ccf914') in 0.021471 seconds
  Import took 0.029587 seconds .

========================================================================
Received Import Request.
  Time since last request: 0.016097 seconds.
  path: Assets/2D Assets/Textures/Water_Nrm V4.png
  artifactKey: Guid(0b58fc14637c62942a02ff45b5a9c337) Importer(815301076,1909f56bfc062723c751e8b465ee728b)
Start importing Assets/2D Assets/Textures/Water_Nrm V4.png using Guid(0b58fc14637c62942a02ff45b5a9c337) Importer(815301076,1909f56bfc062723c751e8b465ee728b)  -> (artifact id: '17236a78d1f37d9f38be1dfc86ccf914') in 0.023944 seconds
  Import took 0.031980 seconds .

========================================================================
Received Import Request.
  Time since last request: 5.362636 seconds.
  path: Assets/2D Assets/Textures/Water_Nrm V4.png
  artifactKey: Guid(0b58fc14637c62942a02ff45b5a9c337) Importer(815301076,1909f56bfc062723c751e8b465ee728b)
Start importing Assets/2D Assets/Textures/Water_Nrm V4.png using Guid(0b58fc14637c62942a02ff45b5a9c337) Importer(815301076,1909f56bfc062723c751e8b465ee728b)  -> (artifact id: 'c80f5350dce223fb621fb6c332a652a0') in 0.018298 seconds
  Import took 0.028859 seconds .

========================================================================
Received Import Request.
  Time since last request: 0.015892 seconds.
  path: Assets/2D Assets/Textures/Water_Nrm V4.png
  artifactKey: Guid(0b58fc14637c62942a02ff45b5a9c337) Importer(815301076,1909f56bfc062723c751e8b465ee728b)
Start importing Assets/2D Assets/Textures/Water_Nrm V4.png using Guid(0b58fc14637c62942a02ff45b5a9c337) Importer(815301076,1909f56bfc062723c751e8b465ee728b)  -> (artifact id: 'c80f5350dce223fb621fb6c332a652a0') in 0.016609 seconds
  Import took 0.022967 seconds .

========================================================================
Received Import Request.
  Time since last request: 386.699292 seconds.
  path: Assets/2D Assets/Blockout Wasser.mat
  artifactKey: Guid(42542d811527cf6409749c80ee718a95) Importer(815301076,1909f56bfc062723c751e8b465ee728b)
Start importing Assets/2D Assets/Blockout Wasser.mat using Guid(42542d811527cf6409749c80ee718a95) Importer(815301076,1909f56bfc062723c751e8b465ee728b)  -> (artifact id: 'cb33d531069ab3d190b4fd4319fce8a6') in 1.081147 seconds
  Import took 1.109228 seconds .

========================================================================
Received Import Request.
  Time since last request: 0.000225 seconds.
  path: Assets/2D Assets/mat_water.mat
  artifactKey: Guid(b11ad8d62efa49f46bfa4d3b3aad101e) Importer(815301076,1909f56bfc062723c751e8b465ee728b)
Start importing Assets/2D Assets/mat_water.mat using Guid(b11ad8d62efa49f46bfa4d3b3aad101e) Importer(815301076,1909f56bfc062723c751e8b465ee728b)  -> (artifact id: 'f367ce920295735898836784e56c5957') in 0.061240 seconds
  Import took 0.078029 seconds .

========================================================================
Received Import Request.
  Time since last request: 3.618837 seconds.
  path: Assets/Scenes/Blockout Waterfall x2.unity
  artifactKey: Guid(7647a171b881d95418ed7f1c7e6af70a) Importer(815301076,1909f56bfc062723c751e8b465ee728b)
Start importing Assets/Scenes/Blockout Waterfall x2.unity using Guid(7647a171b881d95418ed7f1c7e6af70a) Importer(815301076,1909f56bfc062723c751e8b465ee728b)  -> (artifact id: '2a32b4efb5f46a2779f143a1d4e7f217') in 0.006707 seconds
  Import took 0.013797 seconds .

========================================================================
Received Import Request.
  Time since last request: 0.375805 seconds.
  path: Assets/Scenes/Blockout Waterfall.unity
  artifactKey: Guid(b1ce953debf09334c9c5eeb0eb288c17) Importer(815301076,1909f56bfc062723c751e8b465ee728b)
Start importing Assets/Scenes/Blockout Waterfall.unity using Guid(b1ce953debf09334c9c5eeb0eb288c17) Importer(815301076,1909f56bfc062723c751e8b465ee728b)  -> (artifact id: '4b2371f1df36a95c13560bbc9b7a3c13') in 0.009615 seconds
  Import took 0.019033 seconds .

========================================================================
Received Import Request.
  Time since last request: 87.208651 seconds.
  path: Assets/2D Assets/Textures/Water_Nrm V4.png
  artifactKey: Guid(0b58fc14637c62942a02ff45b5a9c337) Importer(815301076,1909f56bfc062723c751e8b465ee728b)
Start importing Assets/2D Assets/Textures/Water_Nrm V4.png using Guid(0b58fc14637c62942a02ff45b5a9c337) Importer(815301076,1909f56bfc062723c751e8b465ee728b)  -> (artifact id: 'ee88302c7d3cc7bb620d936a7e0a268a') in 0.024103 seconds
  Import took 0.032381 seconds .

========================================================================
Received Import Request.
  Time since last request: 0.011927 seconds.
  path: Assets/2D Assets/Textures/Water_Nrm V4.png
  artifactKey: Guid(0b58fc14637c62942a02ff45b5a9c337) Importer(815301076,1909f56bfc062723c751e8b465ee728b)
Start importing Assets/2D Assets/Textures/Water_Nrm V4.png using Guid(0b58fc14637c62942a02ff45b5a9c337) Importer(815301076,1909f56bfc062723c751e8b465ee728b)  -> (artifact id: 'ee88302c7d3cc7bb620d936a7e0a268a') in 0.018868 seconds
  Import took 0.025497 seconds .

========================================================================
Received Prepare
Registering precompiled user dll's ...
Registered in 0.002053 seconds.
Begin MonoManager ReloadAssembly
Native extension for WindowsStandalone target not found
Refreshing native plugins compatible for Editor in 0.73 ms, found 0 plugins.
Preloading 0 native plugins for Editor in 0.00 ms.
Invoked RoslynAnalysisRunner static constructor.
RoslynAnalysisRunner will not be running.
RoslynAnalysisRunner has terminated.
Mono: successfully reloaded assembly
- Completed reload, in  1.738 seconds
Platform modules already initialized, skipping
Shader 'SimpleURPToonLitExample(With Outline)': fallback shader 'Hidden/Universal Render Pipeline/FallbackError' not found
Shader 'SimpleURPToonLitExample(With Outline)': fallback shader 'Hidden/Universal Render Pipeline/FallbackError' not found
Refreshing native plugins compatible for Editor in 0.63 ms, found 0 plugins.
Preloading 0 native plugins for Editor in 0.00 ms.
Unloading 3625 Unused Serialized files (Serialized files now loaded: 0)
System memory in use before: 224.1 MB.
System memory in use after: 224.3 MB.

Unloading 109 unused Assets to reduce memory usage. Loaded Objects now: 4584.
Total: 3.703400 ms (FindLiveObjects: 0.608300 ms CreateObjectMapping: 0.249000 ms MarkObjects: 2.588400 ms  DeleteObjects: 0.256600 ms)

========================================================================
Received Prepare
Registering precompiled user dll's ...
Registered in 0.002955 seconds.
Begin MonoManager ReloadAssembly
Native extension for WindowsStandalone target not found
Refreshing native plugins compatible for Editor in 1.07 ms, found 0 plugins.
Preloading 0 native plugins for Editor in 0.00 ms.
Invoked RoslynAnalysisRunner static constructor.
RoslynAnalysisRunner will not be running.
RoslynAnalysisRunner has terminated.
Mono: successfully reloaded assembly
- Completed reload, in  1.351 seconds
Platform modules already initialized, skipping
Shader 'SimpleURPToonLitExample(With Outline)': fallback shader 'Hidden/Universal Render Pipeline/FallbackError' not found
Shader 'SimpleURPToonLitExample(With Outline)': fallback shader 'Hidden/Universal Render Pipeline/FallbackError' not found
Refreshing native plugins compatible for Editor in 0.89 ms, found 0 plugins.
Preloading 0 native plugins for Editor in 0.00 ms.
Unloading 3613 Unused Serialized files (Serialized files now loaded: 0)
System memory in use before: 223.8 MB.
System memory in use after: 223.9 MB.

Unloading 109 unused Assets to reduce memory usage. Loaded Objects now: 4586.
Total: 3.675800 ms (FindLiveObjects: 0.353800 ms CreateObjectMapping: 0.202200 ms MarkObjects: 2.815400 ms  DeleteObjects: 0.302900 ms)

========================================================================
Received Prepare
Registering precompiled user dll's ...
Registered in 0.002118 seconds.
Begin MonoManager ReloadAssembly
Native extension for WindowsStandalone target not found
Refreshing native plugins compatible for Editor in 0.70 ms, found 0 plugins.
Preloading 0 native plugins for Editor in 0.00 ms.
Invoked RoslynAnalysisRunner static constructor.
RoslynAnalysisRunner will not be running.
RoslynAnalysisRunner has terminated.
Mono: successfully reloaded assembly
- Completed reload, in  1.374 seconds
Platform modules already initialized, skipping
Shader 'SimpleURPToonLitExample(With Outline)': fallback shader 'Hidden/Universal Render Pipeline/FallbackError' not found
Shader 'SimpleURPToonLitExample(With Outline)': fallback shader 'Hidden/Universal Render Pipeline/FallbackError' not found
Refreshing native plugins compatible for Editor in 1.23 ms, found 0 plugins.
Preloading 0 native plugins for Editor in 0.00 ms.
Unloading 3613 Unused Serialized files (Serialized files now loaded: 0)
System memory in use before: 223.8 MB.
System memory in use after: 224.0 MB.

Unloading 109 unused Assets to reduce memory usage. Loaded Objects now: 4588.
Total: 10.964600 ms (FindLiveObjects: 0.436000 ms CreateObjectMapping: 0.270900 ms MarkObjects: 9.783900 ms  DeleteObjects: 0.471600 ms)

========================================================================
Received Prepare
Registering precompiled user dll's ...
Registered in 0.002096 seconds.
Begin MonoManager ReloadAssembly
Native extension for WindowsStandalone target not found
Refreshing native plugins compatible for Editor in 0.68 ms, found 0 plugins.
Preloading 0 native plugins for Editor in 0.00 ms.
Invoked RoslynAnalysisRunner static constructor.
RoslynAnalysisRunner will not be running.
RoslynAnalysisRunner has terminated.
Mono: successfully reloaded assembly
- Completed reload, in  1.395 seconds
Platform modules already initialized, skipping
Shader 'SimpleURPToonLitExample(With Outline)': fallback shader 'Hidden/Universal Render Pipeline/FallbackError' not found
Shader 'SimpleURPToonLitExample(With Outline)': fallback shader 'Hidden/Universal Render Pipeline/FallbackError' not found
Refreshing native plugins compatible for Editor in 1.26 ms, found 0 plugins.
Preloading 0 native plugins for Editor in 0.00 ms.
Unloading 3613 Unused Serialized files (Serialized files now loaded: 0)
System memory in use before: 223.9 MB.
System memory in use after: 224.0 MB.

Unloading 109 unused Assets to reduce memory usage. Loaded Objects now: 4590.
Total: 5.032600 ms (FindLiveObjects: 0.474400 ms CreateObjectMapping: 0.369900 ms MarkObjects: 3.912800 ms  DeleteObjects: 0.274100 ms)

========================================================================
Received Prepare
Registering precompiled user dll's ...
Registered in 0.002118 seconds.
Begin MonoManager ReloadAssembly
Native extension for WindowsStandalone target not found
Refreshing native plugins compatible for Editor in 1.12 ms, found 0 plugins.
Preloading 0 native plugins for Editor in 0.00 ms.
Invoked RoslynAnalysisRunner static constructor.
RoslynAnalysisRunner will not be running.
RoslynAnalysisRunner has terminated.
Mono: successfully reloaded assembly
- Completed reload, in  1.306 seconds
Platform modules already initialized, skipping
Shader 'SimpleURPToonLitExample(With Outline)': fallback shader 'Hidden/Universal Render Pipeline/FallbackError' not found
Shader 'SimpleURPToonLitExample(With Outline)': fallback shader 'Hidden/Universal Render Pipeline/FallbackError' not found
Refreshing native plugins compatible for Editor in 0.71 ms, found 0 plugins.
Preloading 0 native plugins for Editor in 0.00 ms.
Unloading 3613 Unused Serialized files (Serialized files now loaded: 0)
System memory in use before: 223.9 MB.
System memory in use after: 224.0 MB.

Unloading 109 unused Assets to reduce memory usage. Loaded Objects now: 4592.
Total: 4.454200 ms (FindLiveObjects: 0.406200 ms CreateObjectMapping: 0.223100 ms MarkObjects: 3.509300 ms  DeleteObjects: 0.313900 ms)

========================================================================
Received Prepare
Registering precompiled user dll's ...
Registered in 0.001998 seconds.
Begin MonoManager ReloadAssembly
Native extension for WindowsStandalone target not found
Refreshing native plugins compatible for Editor in 0.87 ms, found 0 plugins.
Preloading 0 native plugins for Editor in 0.00 ms.
Invoked RoslynAnalysisRunner static constructor.
RoslynAnalysisRunner will not be running.
RoslynAnalysisRunner has terminated.
Mono: successfully reloaded assembly
- Completed reload, in  1.342 seconds
Platform modules already initialized, skipping
Shader 'SimpleURPToonLitExample(With Outline)': fallback shader 'Hidden/Universal Render Pipeline/FallbackError' not found
Shader 'SimpleURPToonLitExample(With Outline)': fallback shader 'Hidden/Universal Render Pipeline/FallbackError' not found
Refreshing native plugins compatible for Editor in 0.63 ms, found 0 plugins.
Preloading 0 native plugins for Editor in 0.00 ms.
Unloading 3613 Unused Serialized files (Serialized files now loaded: 0)
System memory in use before: 223.9 MB.
System memory in use after: 224.0 MB.

Unloading 109 unused Assets to reduce memory usage. Loaded Objects now: 4594.
Total: 4.283300 ms (FindLiveObjects: 0.630800 ms CreateObjectMapping: 0.249200 ms MarkObjects: 3.123500 ms  DeleteObjects: 0.278100 ms)

========================================================================
Received Prepare
Registering precompiled user dll's ...
Registered in 0.001899 seconds.
Begin MonoManager ReloadAssembly
Native extension for WindowsStandalone target not found
Refreshing native plugins compatible for Editor in 0.63 ms, found 0 plugins.
Preloading 0 native plugins for Editor in 0.00 ms.
Invoked RoslynAnalysisRunner static constructor.
RoslynAnalysisRunner will not be running.
RoslynAnalysisRunner has terminated.
Mono: successfully reloaded assembly
- Completed reload, in  1.437 seconds
Platform modules already initialized, skipping
Shader 'SimpleURPToonLitExample(With Outline)': fallback shader 'Hidden/Universal Render Pipeline/FallbackError' not found
Shader 'SimpleURPToonLitExample(With Outline)': fallback shader 'Hidden/Universal Render Pipeline/FallbackError' not found
Refreshing native plugins compatible for Editor in 1.03 ms, found 0 plugins.
Preloading 0 native plugins for Editor in 0.00 ms.
Unloading 3613 Unused Serialized files (Serialized files now loaded: 0)
System memory in use before: 223.9 MB.
System memory in use after: 224.0 MB.

Unloading 109 unused Assets to reduce memory usage. Loaded Objects now: 4596.
Total: 3.475800 ms (FindLiveObjects: 0.349500 ms CreateObjectMapping: 0.197400 ms MarkObjects: 2.646600 ms  DeleteObjects: 0.281400 ms)

========================================================================
Received Prepare
Registering precompiled user dll's ...
Registered in 0.002109 seconds.
Begin MonoManager ReloadAssembly
Native extension for WindowsStandalone target not found
Refreshing native plugins compatible for Editor in 0.64 ms, found 0 plugins.
Preloading 0 native plugins for Editor in 0.00 ms.
Invoked RoslynAnalysisRunner static constructor.
RoslynAnalysisRunner will not be running.
RoslynAnalysisRunner has terminated.
Mono: successfully reloaded assembly
- Completed reload, in  1.352 seconds
Platform modules already initialized, skipping
Shader 'SimpleURPToonLitExample(With Outline)': fallback shader 'Hidden/Universal Render Pipeline/FallbackError' not found
Shader 'SimpleURPToonLitExample(With Outline)': fallback shader 'Hidden/Universal Render Pipeline/FallbackError' not found
Refreshing native plugins compatible for Editor in 0.74 ms, found 0 plugins.
Preloading 0 native plugins for Editor in 0.00 ms.
Unloading 3613 Unused Serialized files (Serialized files now loaded: 0)
System memory in use before: 223.9 MB.
System memory in use after: 224.0 MB.

Unloading 109 unused Assets to reduce memory usage. Loaded Objects now: 4598.
Total: 6.042500 ms (FindLiveObjects: 0.805600 ms CreateObjectMapping: 0.562900 ms MarkObjects: 4.368600 ms  DeleteObjects: 0.302400 ms)

========================================================================
Received Prepare
Registering precompiled user dll's ...
Registered in 0.002186 seconds.
Begin MonoManager ReloadAssembly
Native extension for WindowsStandalone target not found
Refreshing native plugins compatible for Editor in 0.62 ms, found 0 plugins.
Preloading 0 native plugins for Editor in 0.00 ms.
Invoked RoslynAnalysisRunner static constructor.
RoslynAnalysisRunner will not be running.
RoslynAnalysisRunner has terminated.
Mono: successfully reloaded assembly
- Completed reload, in  1.305 seconds
Platform modules already initialized, skipping
Shader 'SimpleURPToonLitExample(With Outline)': fallback shader 'Hidden/Universal Render Pipeline/FallbackError' not found
Shader 'SimpleURPToonLitExample(With Outline)': fallback shader 'Hidden/Universal Render Pipeline/FallbackError' not found
Refreshing native plugins compatible for Editor in 0.66 ms, found 0 plugins.
Preloading 0 native plugins for Editor in 0.00 ms.
Unloading 3613 Unused Serialized files (Serialized files now loaded: 0)
System memory in use before: 223.9 MB.
System memory in use after: 224.1 MB.

Unloading 109 unused Assets to reduce memory usage. Loaded Objects now: 4600.
Total: 3.937300 ms (FindLiveObjects: 0.391800 ms CreateObjectMapping: 0.204500 ms MarkObjects: 3.043200 ms  DeleteObjects: 0.296800 ms)

========================================================================
Received Prepare
Registering precompiled user dll's ...
Registered in 0.002888 seconds.
Begin MonoManager ReloadAssembly
Native extension for WindowsStandalone target not found
Refreshing native plugins compatible for Editor in 1.12 ms, found 0 plugins.
Preloading 0 native plugins for Editor in 0.00 ms.
Invoked RoslynAnalysisRunner static constructor.
RoslynAnalysisRunner will not be running.
RoslynAnalysisRunner has terminated.
Mono: successfully reloaded assembly
- Completed reload, in  1.245 seconds
Platform modules already initialized, skipping
Shader 'SimpleURPToonLitExample(With Outline)': fallback shader 'Hidden/Universal Render Pipeline/FallbackError' not found
Shader 'SimpleURPToonLitExample(With Outline)': fallback shader 'Hidden/Universal Render Pipeline/FallbackError' not found
Refreshing native plugins compatible for Editor in 0.88 ms, found 0 plugins.
Preloading 0 native plugins for Editor in 0.00 ms.
Unloading 3613 Unused Serialized files (Serialized files now loaded: 0)
System memory in use before: 223.9 MB.
System memory in use after: 224.1 MB.

Unloading 109 unused Assets to reduce memory usage. Loaded Objects now: 4602.
Total: 3.550600 ms (FindLiveObjects: 0.367200 ms CreateObjectMapping: 0.223300 ms MarkObjects: 2.693200 ms  DeleteObjects: 0.265800 ms)

========================================================================
Received Prepare
Registering precompiled user dll's ...
Registered in 0.001890 seconds.
Begin MonoManager ReloadAssembly
Native extension for WindowsStandalone target not found
Refreshing native plugins compatible for Editor in 0.61 ms, found 0 plugins.
Preloading 0 native plugins for Editor in 0.00 ms.
Invoked RoslynAnalysisRunner static constructor.
RoslynAnalysisRunner will not be running.
RoslynAnalysisRunner has terminated.
Mono: successfully reloaded assembly
- Completed reload, in  1.277 seconds
Platform modules already initialized, skipping
Shader 'SimpleURPToonLitExample(With Outline)': fallback shader 'Hidden/Universal Render Pipeline/FallbackError' not found
Shader 'SimpleURPToonLitExample(With Outline)': fallback shader 'Hidden/Universal Render Pipeline/FallbackError' not found
Refreshing native plugins compatible for Editor in 1.56 ms, found 0 plugins.
Preloading 0 native plugins for Editor in 0.00 ms.
Unloading 3613 Unused Serialized files (Serialized files now loaded: 0)
System memory in use before: 223.9 MB.
System memory in use after: 224.1 MB.

Unloading 109 unused Assets to reduce memory usage. Loaded Objects now: 4604.
Total: 6.710600 ms (FindLiveObjects: 2.071500 ms CreateObjectMapping: 0.686700 ms MarkObjects: 3.641400 ms  DeleteObjects: 0.308600 ms)

========================================================================
Received Prepare
Registering precompiled user dll's ...
Registered in 0.001982 seconds.
Begin MonoManager ReloadAssembly
Native extension for WindowsStandalone target not found
Refreshing native plugins compatible for Editor in 0.67 ms, found 0 plugins.
Preloading 0 native plugins for Editor in 0.00 ms.
Invoked RoslynAnalysisRunner static constructor.
RoslynAnalysisRunner will not be running.
RoslynAnalysisRunner has terminated.
Mono: successfully reloaded assembly
- Completed reload, in  1.528 seconds
Platform modules already initialized, skipping
Shader 'SimpleURPToonLitExample(With Outline)': fallback shader 'Hidden/Universal Render Pipeline/FallbackError' not found
Shader 'SimpleURPToonLitExample(With Outline)': fallback shader 'Hidden/Universal Render Pipeline/FallbackError' not found
Refreshing native plugins compatible for Editor in 1.30 ms, found 0 plugins.
Preloading 0 native plugins for Editor in 0.00 ms.
Unloading 3613 Unused Serialized files (Serialized files now loaded: 0)
System memory in use before: 223.9 MB.
System memory in use after: 224.1 MB.

Unloading 109 unused Assets to reduce memory usage. Loaded Objects now: 4606.
Total: 5.011600 ms (FindLiveObjects: 1.191800 ms CreateObjectMapping: 0.519400 ms MarkObjects: 2.987400 ms  DeleteObjects: 0.310300 ms)

========================================================================
Received Prepare
Registering precompiled user dll's ...
Registered in 0.002354 seconds.
Begin MonoManager ReloadAssembly
Native extension for WindowsStandalone target not found
Refreshing native plugins compatible for Editor in 2.70 ms, found 0 plugins.
Preloading 0 native plugins for Editor in 0.00 ms.
Invoked RoslynAnalysisRunner static constructor.
RoslynAnalysisRunner will not be running.
RoslynAnalysisRunner has terminated.
Mono: successfully reloaded assembly
- Completed reload, in  1.390 seconds
Platform modules already initialized, skipping
Shader 'SimpleURPToonLitExample(With Outline)': fallback shader 'Hidden/Universal Render Pipeline/FallbackError' not found
Shader 'SimpleURPToonLitExample(With Outline)': fallback shader 'Hidden/Universal Render Pipeline/FallbackError' not found
Refreshing native plugins compatible for Editor in 0.68 ms, found 0 plugins.
Preloading 0 native plugins for Editor in 0.00 ms.
Unloading 3613 Unused Serialized files (Serialized files now loaded: 0)
System memory in use before: 224.0 MB.
System memory in use after: 224.1 MB.

Unloading 109 unused Assets to reduce memory usage. Loaded Objects now: 4608.
Total: 6.161000 ms (FindLiveObjects: 0.396300 ms CreateObjectMapping: 0.199600 ms MarkObjects: 5.268300 ms  DeleteObjects: 0.294100 ms)

AssetImportWorkerClient::OnTransportError - code=2 error=End of file
