Using pre-set license
Built from '2021.1/staging' branch; Version is '2021.1.7f1 (d91830b65d9b) revision 14227504'; Using compiler version '192528614'; Build Type 'Release'
OS: 'Windows 10 Pro; OS build 19042.1052; Version 2009; 64bit' Language: 'de' Physical Memory: 16341 MB
BatchMode: 1, IsHumanControllingUs: 0, StartBugReporterOnCrash: 0, Is64bit: 1, IsPro: 0

 COMMAND LINE ARGUMENTS:
C:\Program Files\Unity\Hub\Editor\2021.1.7f1\Editor\Unity.exe
-adb2
-batchMode
-noUpm
-name
AssetImportWorker3
-projectPath
C:/Dateien/Projects/MiniNatura/Unity/MiniNatura
-logFile
Logs/AssetImportWorker3.log
-srvPort
58035
Successfully changed project path to: C:/Dateien/Projects/MiniNatura/Unity/MiniNatura
C:/Dateien/Projects/MiniNatura/Unity/MiniNatura
Using Asset Import Pipeline V2.
Refreshing native plugins compatible for Editor in 252.55 ms, found 0 plugins.
Preloading 0 native plugins for Editor in 0.00 ms.
Initialize engine version: 2021.1.7f1 (d91830b65d9b)
[Subsystems] Discovering subsystems at path C:/Program Files/Unity/Hub/Editor/2021.1.7f1/Editor/Data/Resources/UnitySubsystems
[Subsystems] Discovering subsystems at path C:/Dateien/Projects/MiniNatura/Unity/MiniNatura/Assets
GfxDevice: creating device client; threaded=0; jobified=0
Direct3D:
    Version:  Direct3D 11.0 [level 11.1]
    Renderer: NVIDIA GeForce GTX 960 (ID=0x1401)
    Vendor:   NVIDIA
    VRAM:     2007 MB
    Driver:   27.21.14.6677
Initialize mono
Mono path[0] = 'C:/Program Files/Unity/Hub/Editor/2021.1.7f1/Editor/Data/Managed'
Mono path[1] = 'C:/Program Files/Unity/Hub/Editor/2021.1.7f1/Editor/Data/MonoBleedingEdge/lib/mono/unityjit'
Mono config path = 'C:/Program Files/Unity/Hub/Editor/2021.1.7f1/Editor/Data/MonoBleedingEdge/etc'
Using monoOptions --debugger-agent=transport=dt_socket,embedding=1,server=y,suspend=n,address=127.0.0.1:56792
Begin MonoManager ReloadAssembly
Registering precompiled unity dll's ...
Register platform support module: C:/Program Files/Unity/Hub/Editor/2021.1.7f1/Editor/Data/PlaybackEngines/WindowsStandaloneSupport/UnityEditor.WindowsStandalone.Extensions.dll
Registered in 0.002452 seconds.
Native extension for WindowsStandalone target not found
Refreshing native plugins compatible for Editor in 179.00 ms, found 0 plugins.
Preloading 0 native plugins for Editor in 0.00 ms.
Mono: successfully reloaded assembly
- Completed reload, in  5.561 seconds
Platform modules already initialized, skipping
Registering precompiled user dll's ...
Registered in 0.004801 seconds.
Begin MonoManager ReloadAssembly
Native extension for WindowsStandalone target not found
Refreshing native plugins compatible for Editor in 206.31 ms, found 0 plugins.
Preloading 0 native plugins for Editor in 0.00 ms.
Mono: successfully reloaded assembly
- Completed reload, in  5.070 seconds
Platform modules already initialized, skipping
========================================================================
Worker process is ready to serve import requests
Shader 'SimpleURPToonLitExample(With Outline)': fallback shader 'Hidden/Universal Render Pipeline/FallbackError' not found
Shader 'SimpleURPToonLitExample(With Outline)': fallback shader 'Hidden/Universal Render Pipeline/FallbackError' not found
Launched and connected shader compiler UnityShaderCompiler.exe after 0.18 seconds
Refreshing native plugins compatible for Editor in 1.32 ms, found 0 plugins.
Preloading 0 native plugins for Editor in 0.00 ms.
Unloading 4082 Unused Serialized files (Serialized files now loaded: 0)
System memory in use before: 247.6 MB.
System memory in use after: 247.7 MB.

Unloading 123 unused Assets to reduce memory usage. Loaded Objects now: 4558.
Total: 7.830200 ms (FindLiveObjects: 0.390600 ms CreateObjectMapping: 0.245900 ms MarkObjects: 6.703600 ms  DeleteObjects: 0.488700 ms)

========================================================================
Received Import Request.
  path: Assets/Prefabs/seedlocation Large Variant.prefab
  artifactKey: Guid(92741d0aab04a0a4a9fa2d5ef1f513e5) Importer(815301076,1909f56bfc062723c751e8b465ee728b)
Start importing Assets/Prefabs/seedlocation Large Variant.prefab using Guid(92741d0aab04a0a4a9fa2d5ef1f513e5) Importer(815301076,1909f56bfc062723c751e8b465ee728b) Launched and connected shader compiler UnityShaderCompiler.exe after 0.18 seconds
Launched and connected shader compiler UnityShaderCompiler.exe after 0.10 seconds
Launched and connected shader compiler UnityShaderCompiler.exe after 0.09 seconds
 -> (artifact id: '103cc1fbd52877a2c153017500c12a48') in 1.818904 seconds 
========================================================================
Received Import Request.
  Time since last request: 0.000288 seconds.
  path: Assets/Prefabs/Game Manager.prefab
  artifactKey: Guid(b42253ffb170bee458fc69114ca8cee1) Importer(815301076,1909f56bfc062723c751e8b465ee728b)
Start importing Assets/Prefabs/Game Manager.prefab using Guid(b42253ffb170bee458fc69114ca8cee1) Importer(815301076,1909f56bfc062723c751e8b465ee728b)  -> (artifact id: '7571229a14db5bc01aa368e3857288b5') in 0.025073 seconds 
========================================================================
Received Import Request.
  Time since last request: 0.000267 seconds.
  path: Assets/Prefabs/Level Woods.prefab
  artifactKey: Guid(bdfd2045b7689f744b1f39013e17ca96) Importer(815301076,1909f56bfc062723c751e8b465ee728b)
Start importing Assets/Prefabs/Level Woods.prefab using Guid(bdfd2045b7689f744b1f39013e17ca96) Importer(815301076,1909f56bfc062723c751e8b465ee728b)  -> (artifact id: '85a9f934a6fe3aacf425089fa10c158a') in 1.287634 seconds 
========================================================================
Received Import Request.
  Time since last request: 0.000360 seconds.
  path: Assets/Prefabs/Collectible Indicator.prefab
  artifactKey: Guid(f082246a102384047b842628d7b10460) Importer(815301076,1909f56bfc062723c751e8b465ee728b)
Start importing Assets/Prefabs/Collectible Indicator.prefab using Guid(f082246a102384047b842628d7b10460) Importer(815301076,1909f56bfc062723c751e8b465ee728b)  -> (artifact id: '15dbff0712254d7d4b8a9158bd95be00') in 0.040166 seconds 
========================================================================
Received Import Request.
  Time since last request: 0.000366 seconds.
  path: Assets/Prefabs/seedlocation.prefab
  artifactKey: Guid(54f8567091d245b47b9c2cd5f0ed267b) Importer(815301076,1909f56bfc062723c751e8b465ee728b)
Start importing Assets/Prefabs/seedlocation.prefab using Guid(54f8567091d245b47b9c2cd5f0ed267b) Importer(815301076,1909f56bfc062723c751e8b465ee728b)  -> (artifact id: '6c6d139225466eb111b3c050a4ee9265') in 0.061029 seconds 
========================================================================
Received Import Request.
  Time since last request: 4.270572 seconds.
  path: Assets/Scenes/EndScene.unity
  artifactKey: Guid(dcd972e8c140137489a627f874a4abaf) Importer(815301076,1909f56bfc062723c751e8b465ee728b)
Start importing Assets/Scenes/EndScene.unity using Guid(dcd972e8c140137489a627f874a4abaf) Importer(815301076,1909f56bfc062723c751e8b465ee728b)  -> (artifact id: '4c465d1a125140c71eb7ee859ac81583') in 0.023946 seconds 
========================================================================
Received Import Request.
  Time since last request: 26.150075 seconds.
  path: Assets/Scenes/Title.unity
  artifactKey: Guid(cef6c1902f972d644bd8eebf27cd7ab2) Importer(815301076,1909f56bfc062723c751e8b465ee728b)
Start importing Assets/Scenes/Title.unity using Guid(cef6c1902f972d644bd8eebf27cd7ab2) Importer(815301076,1909f56bfc062723c751e8b465ee728b)  -> (artifact id: '10cdf1620551df058c6aff76daad771e') in 0.013030 seconds 
========================================================================
Received Prepare
Registering precompiled user dll's ...
Registered in 0.002556 seconds.
Begin MonoManager ReloadAssembly
Native extension for WindowsStandalone target not found
Refreshing native plugins compatible for Editor in 0.92 ms, found 0 plugins.
Preloading 0 native plugins for Editor in 0.00 ms.
Warning: Annotation not found!
UnityEngine.StackTraceUtility:ExtractStackTrace ()
UnityEditor.ProBuilder.EditorUtility:SetGizmoIconEnabled (System.Type,bool) (at Library/PackageCache/com.unity.probuilder@5.0.3/Editor/EditorCore/EditorUtility.cs:575)
UnityEditor.ProBuilder.HierarchyListener:.cctor () (at Library/PackageCache/com.unity.probuilder@5.0.3/Editor/EditorCore/HierarchyListener.cs:21)
System.Runtime.CompilerServices.RuntimeHelpers:RunClassConstructor (System.RuntimeTypeHandle)
UnityEditor.EditorAssemblies:ProcessInitializeOnLoadAttributes (System.Type[])

[Library/PackageCache/com.unity.probuilder@5.0.3/Editor/EditorCore/EditorUtility.cs line 575]

Mono: successfully reloaded assembly
- Completed reload, in  2.035 seconds
Platform modules already initialized, skipping
Shader 'SimpleURPToonLitExample(With Outline)': fallback shader 'Hidden/Universal Render Pipeline/FallbackError' not found
Shader 'SimpleURPToonLitExample(With Outline)': fallback shader 'Hidden/Universal Render Pipeline/FallbackError' not found
Refreshing native plugins compatible for Editor in 0.88 ms, found 0 plugins.
Preloading 0 native plugins for Editor in 0.00 ms.
Unloading 3718 Unused Serialized files (Serialized files now loaded: 0)
System memory in use before: 233.1 MB.
System memory in use after: 233.3 MB.

Unloading 12 unused Assets to reduce memory usage. Loaded Objects now: 4699.
Total: 59.393100 ms (FindLiveObjects: 0.543200 ms CreateObjectMapping: 0.543000 ms MarkObjects: 58.114900 ms  DeleteObjects: 0.190600 ms)

========================================================================
Received Import Request.
  Time since last request: 183.159323 seconds.
  path: Assets/Prefabs/seedlocation Large Variant.prefab
  artifactKey: Guid(92741d0aab04a0a4a9fa2d5ef1f513e5) Importer(815301076,1909f56bfc062723c751e8b465ee728b)
Start importing Assets/Prefabs/seedlocation Large Variant.prefab using Guid(92741d0aab04a0a4a9fa2d5ef1f513e5) Importer(815301076,1909f56bfc062723c751e8b465ee728b)  -> (artifact id: 'dd73f8ef833f71181d5407c6f68e1389') in 0.841851 seconds 
========================================================================
Received Import Request.
  Time since last request: 0.000299 seconds.
  path: Assets/Prefabs/Level Woods.prefab
  artifactKey: Guid(bdfd2045b7689f744b1f39013e17ca96) Importer(815301076,1909f56bfc062723c751e8b465ee728b)
Start importing Assets/Prefabs/Level Woods.prefab using Guid(bdfd2045b7689f744b1f39013e17ca96) Importer(815301076,1909f56bfc062723c751e8b465ee728b)  -> (artifact id: '7657f06a2ecf1efefe811ac3e68fcbf2') in 0.407801 seconds 
========================================================================
Received Import Request.
  Time since last request: 0.000286 seconds.
  path: Assets/Prefabs/seedlocation.prefab
  artifactKey: Guid(54f8567091d245b47b9c2cd5f0ed267b) Importer(815301076,1909f56bfc062723c751e8b465ee728b)
Start importing Assets/Prefabs/seedlocation.prefab using Guid(54f8567091d245b47b9c2cd5f0ed267b) Importer(815301076,1909f56bfc062723c751e8b465ee728b)  -> (artifact id: '86f90ce7acc5399eb246e56f1ce41aa4') in 0.039517 seconds 
========================================================================
Received Prepare
Registering precompiled user dll's ...
Registered in 0.001715 seconds.
Begin MonoManager ReloadAssembly
Native extension for WindowsStandalone target not found
Refreshing native plugins compatible for Editor in 1.61 ms, found 0 plugins.
Preloading 0 native plugins for Editor in 0.00 ms.
Warning: Annotation not found!
UnityEngine.StackTraceUtility:ExtractStackTrace ()
UnityEditor.ProBuilder.EditorUtility:SetGizmoIconEnabled (System.Type,bool) (at Library/PackageCache/com.unity.probuilder@5.0.3/Editor/EditorCore/EditorUtility.cs:575)
UnityEditor.ProBuilder.HierarchyListener:.cctor () (at Library/PackageCache/com.unity.probuilder@5.0.3/Editor/EditorCore/HierarchyListener.cs:21)
System.Runtime.CompilerServices.RuntimeHelpers:RunClassConstructor (System.RuntimeTypeHandle)
UnityEditor.EditorAssemblies:ProcessInitializeOnLoadAttributes (System.Type[])

[Library/PackageCache/com.unity.probuilder@5.0.3/Editor/EditorCore/EditorUtility.cs line 575]

Mono: successfully reloaded assembly
- Completed reload, in  1.652 seconds
Platform modules already initialized, skipping
Shader 'SimpleURPToonLitExample(With Outline)': fallback shader 'Hidden/Universal Render Pipeline/FallbackError' not found
Shader 'SimpleURPToonLitExample(With Outline)': fallback shader 'Hidden/Universal Render Pipeline/FallbackError' not found
Refreshing native plugins compatible for Editor in 0.97 ms, found 0 plugins.
Preloading 0 native plugins for Editor in 0.00 ms.
Unloading 3706 Unused Serialized files (Serialized files now loaded: 0)
System memory in use before: 233.0 MB.
System memory in use after: 233.1 MB.

Unloading 12 unused Assets to reduce memory usage. Loaded Objects now: 4805.
Total: 6.789600 ms (FindLiveObjects: 0.338300 ms CreateObjectMapping: 0.206700 ms MarkObjects: 6.017700 ms  DeleteObjects: 0.225100 ms)

========================================================================
Received Prepare
Shader 'SimpleURPToonLitExample(With Outline)': fallback shader 'Hidden/Universal Render Pipeline/FallbackError' not found
Shader 'SimpleURPToonLitExample(With Outline)': fallback shader 'Hidden/Universal Render Pipeline/FallbackError' not found
Refreshing native plugins compatible for Editor in 2.82 ms, found 0 plugins.
Preloading 0 native plugins for Editor in 0.00 ms.
Unloading 4 Unused Serialized files (Serialized files now loaded: 0)
System memory in use before: 159.7 MB.
System memory in use after: 159.8 MB.

Unloading 4 unused Assets to reduce memory usage. Loaded Objects now: 4805.
Total: 10.211700 ms (FindLiveObjects: 0.529800 ms CreateObjectMapping: 0.574200 ms MarkObjects: 9.005000 ms  DeleteObjects: 0.101200 ms)

